Build started 20/4/2559 14:13:56.
     1>Project "C:\Users\teeerawat\Desktop\OpenEXR\openexr\IlmBase\Iex\Iex.vcxproj" on node 2 (Rebuild target(s)).
     1>CustomBuild:
         Building Custom Rule C:/Users/teeerawat/Desktop/OpenEXR/openexr/IlmBase/Iex/CMakeLists.txt
         CMake does not need to re-run because C:\Users\teeerawat\Desktop\OpenEXR\openexr\IlmBase\Iex\CMakeFiles\generate.stamp is up-to-date.
       ClCompile:
         C:\Program Files (x86)\Microsoft Visual Studio 12.0\VC\bin\x86_amd64\CL.exe /c /IC:\Users\teeerawat\Desktop\OpenEXR\openexr\IlmBase\Iex /IC:\Users\teeerawat\Desktop\OpenEXR\openexr\IlmBase\IexMath /IC:\Users\teeerawat\Desktop\OpenEXR\openexr\IlmBase\Imath /IC:\Users\teeerawat\Desktop\OpenEXR\openexr\IlmBase\Half /IC:\Users\teeerawat\Desktop\OpenEXR\openexr\IlmBase\config /IC:\Users\teeerawat\Desktop\OpenEXR\openexr\IlmBase\IlmThread /IC:\Users\teeerawat\Desktop\OpenEXR\openexr\IlmBase\IexTest /IC:\Users\teeerawat\Desktop\OpenEXR\openexr\IlmBase\ImathTest /IC:\Users\teeerawat\Desktop\OpenEXR\openexr\IlmBase\HalfTest /Zi /nologo /W3 /WX- /Od /Ob0 /D WIN32 /D _WINDOWS /D _DEBUG /D OPENEXR_DLL /D IEX_EXPORTS /D "CMAKE_INTDIR=\"Debug\"" /D Iex_EXPORTS /D _WINDLL /D _MBCS /Gm- /EHsc /RTC1 /MDd /GS /fp:precise /Zc:wchar_t /Zc:forScope /GR /Fo"Iex.dir\Debug\\" /Fd"Iex.dir\Debug\vc120.pdb" /Gd /TP /errorReport:prompt C:\Users\teeerawat\Desktop\OpenEXR\openexr\IlmBase\Iex\IexBaseExc.cpp C:\Users\teeerawat\Desktop\OpenEXR\openexr\IlmBase\Iex\IexThrowErrnoExc.cpp
         IexBaseExc.cpp
     1>c:\users\teeerawat\desktop\openexr\openexr\ilmbase\iex\IexBaseExc.h(143): warning C4275: non dll-interface class 'Iex_2_2::BaseExc' used as base for dll-interface class 'Iex_2_2::ArgExc'
                 c:\users\teeerawat\desktop\openexr\openexr\ilmbase\iex\IexBaseExc.h(60) : see declaration of 'Iex_2_2::BaseExc'
                 c:\users\teeerawat\desktop\openexr\openexr\ilmbase\iex\IexBaseExc.h(143) : see declaration of 'Iex_2_2::ArgExc'
     1>c:\users\teeerawat\desktop\openexr\openexr\ilmbase\iex\IexBaseExc.h(145): warning C4275: non dll-interface class 'Iex_2_2::BaseExc' used as base for dll-interface class 'Iex_2_2::LogicExc'
                 c:\users\teeerawat\desktop\openexr\openexr\ilmbase\iex\IexBaseExc.h(60) : see declaration of 'Iex_2_2::BaseExc'
                 c:\users\teeerawat\desktop\openexr\openexr\ilmbase\iex\IexBaseExc.h(145) : see declaration of 'Iex_2_2::LogicExc'
     1>c:\users\teeerawat\desktop\openexr\openexr\ilmbase\iex\IexBaseExc.h(150): warning C4275: non dll-interface class 'Iex_2_2::BaseExc' used as base for dll-interface class 'Iex_2_2::InputExc'
                 c:\users\teeerawat\desktop\openexr\openexr\ilmbase\iex\IexBaseExc.h(60) : see declaration of 'Iex_2_2::BaseExc'
                 c:\users\teeerawat\desktop\openexr\openexr\ilmbase\iex\IexBaseExc.h(150) : see declaration of 'Iex_2_2::InputExc'
     1>c:\users\teeerawat\desktop\openexr\openexr\ilmbase\iex\IexBaseExc.h(152): warning C4275: non dll-interface class 'Iex_2_2::BaseExc' used as base for dll-interface class 'Iex_2_2::IoExc'
                 c:\users\teeerawat\desktop\openexr\openexr\ilmbase\iex\IexBaseExc.h(60) : see declaration of 'Iex_2_2::BaseExc'
                 c:\users\teeerawat\desktop\openexr\openexr\ilmbase\iex\IexBaseExc.h(152) : see declaration of 'Iex_2_2::IoExc'
     1>c:\users\teeerawat\desktop\openexr\openexr\ilmbase\iex\IexBaseExc.h(154): warning C4275: non dll-interface class 'Iex_2_2::BaseExc' used as base for dll-interface class 'Iex_2_2::MathExc'
                 c:\users\teeerawat\desktop\openexr\openexr\ilmbase\iex\IexBaseExc.h(60) : see declaration of 'Iex_2_2::BaseExc'
                 c:\users\teeerawat\desktop\openexr\openexr\ilmbase\iex\IexBaseExc.h(154) : see declaration of 'Iex_2_2::MathExc'
     1>c:\users\teeerawat\desktop\openexr\openexr\ilmbase\iex\IexBaseExc.h(158): warning C4275: non dll-interface class 'Iex_2_2::BaseExc' used as base for dll-interface class 'Iex_2_2::ErrnoExc'
                 c:\users\teeerawat\desktop\openexr\openexr\ilmbase\iex\IexBaseExc.h(60) : see declaration of 'Iex_2_2::BaseExc'
                 c:\users\teeerawat\desktop\openexr\openexr\ilmbase\iex\IexBaseExc.h(158) : see declaration of 'Iex_2_2::ErrnoExc'
     1>c:\users\teeerawat\desktop\openexr\openexr\ilmbase\iex\IexBaseExc.h(163): warning C4275: non dll-interface class 'Iex_2_2::BaseExc' used as base for dll-interface class 'Iex_2_2::NoImplExc'
                 c:\users\teeerawat\desktop\openexr\openexr\ilmbase\iex\IexBaseExc.h(60) : see declaration of 'Iex_2_2::BaseExc'
                 c:\users\teeerawat\desktop\openexr\openexr\ilmbase\iex\IexBaseExc.h(163) : see declaration of 'Iex_2_2::NoImplExc'
     1>c:\users\teeerawat\desktop\openexr\openexr\ilmbase\iex\IexBaseExc.h(169): warning C4275: non dll-interface class 'Iex_2_2::BaseExc' used as base for dll-interface class 'Iex_2_2::NullExc'
                 c:\users\teeerawat\desktop\openexr\openexr\ilmbase\iex\IexBaseExc.h(60) : see declaration of 'Iex_2_2::BaseExc'
                 c:\users\teeerawat\desktop\openexr\openexr\ilmbase\iex\IexBaseExc.h(169) : see declaration of 'Iex_2_2::NullExc'
     1>c:\users\teeerawat\desktop\openexr\openexr\ilmbase\iex\IexBaseExc.h(171): warning C4275: non dll-interface class 'Iex_2_2::BaseExc' used as base for dll-interface class 'Iex_2_2::TypeExc'
                 c:\users\teeerawat\desktop\openexr\openexr\ilmbase\iex\IexBaseExc.h(60) : see declaration of 'Iex_2_2::BaseExc'
                 c:\users\teeerawat\desktop\openexr\openexr\ilmbase\iex\IexBaseExc.h(171) : see declaration of 'Iex_2_2::TypeExc'
     1>C:\Users\teeerawat\Desktop\OpenEXR\openexr\IlmBase\Iex\IexBaseExc.cpp(145): warning C4996: 'getenv': This function or variable may be unsafe. Consider using _dupenv_s instead. To disable deprecation, use _CRT_SECURE_NO_WARNINGS. See online help for details.
                 C:\Program Files (x86)\Microsoft Visual Studio 12.0\VC\include\stdlib.h(462) : see declaration of 'getenv'
         IexThrowErrnoExc.cpp
     1>c:\users\teeerawat\desktop\openexr\openexr\ilmbase\iex\IexBaseExc.h(143): warning C4275: non dll-interface class 'Iex_2_2::BaseExc' used as base for dll-interface class 'Iex_2_2::ArgExc'
                 c:\users\teeerawat\desktop\openexr\openexr\ilmbase\iex\IexBaseExc.h(60) : see declaration of 'Iex_2_2::BaseExc'
                 c:\users\teeerawat\desktop\openexr\openexr\ilmbase\iex\IexBaseExc.h(143) : see declaration of 'Iex_2_2::ArgExc'
     1>c:\users\teeerawat\desktop\openexr\openexr\ilmbase\iex\IexBaseExc.h(145): warning C4275: non dll-interface class 'Iex_2_2::BaseExc' used as base for dll-interface class 'Iex_2_2::LogicExc'
                 c:\users\teeerawat\desktop\openexr\openexr\ilmbase\iex\IexBaseExc.h(60) : see declaration of 'Iex_2_2::BaseExc'
                 c:\users\teeerawat\desktop\openexr\openexr\ilmbase\iex\IexBaseExc.h(145) : see declaration of 'Iex_2_2::LogicExc'
     1>c:\users\teeerawat\desktop\openexr\openexr\ilmbase\iex\IexBaseExc.h(150): warning C4275: non dll-interface class 'Iex_2_2::BaseExc' used as base for dll-interface class 'Iex_2_2::InputExc'
                 c:\users\teeerawat\desktop\openexr\openexr\ilmbase\iex\IexBaseExc.h(60) : see declaration of 'Iex_2_2::BaseExc'
                 c:\users\teeerawat\desktop\openexr\openexr\ilmbase\iex\IexBaseExc.h(150) : see declaration of 'Iex_2_2::InputExc'
     1>c:\users\teeerawat\desktop\openexr\openexr\ilmbase\iex\IexBaseExc.h(152): warning C4275: non dll-interface class 'Iex_2_2::BaseExc' used as base for dll-interface class 'Iex_2_2::IoExc'
                 c:\users\teeerawat\desktop\openexr\openexr\ilmbase\iex\IexBaseExc.h(60) : see declaration of 'Iex_2_2::BaseExc'
                 c:\users\teeerawat\desktop\openexr\openexr\ilmbase\iex\IexBaseExc.h(152) : see declaration of 'Iex_2_2::IoExc'
     1>c:\users\teeerawat\desktop\openexr\openexr\ilmbase\iex\IexBaseExc.h(154): warning C4275: non dll-interface class 'Iex_2_2::BaseExc' used as base for dll-interface class 'Iex_2_2::MathExc'
                 c:\users\teeerawat\desktop\openexr\openexr\ilmbase\iex\IexBaseExc.h(60) : see declaration of 'Iex_2_2::BaseExc'
                 c:\users\teeerawat\desktop\openexr\openexr\ilmbase\iex\IexBaseExc.h(154) : see declaration of 'Iex_2_2::MathExc'
     1>c:\users\teeerawat\desktop\openexr\openexr\ilmbase\iex\IexBaseExc.h(158): warning C4275: non dll-interface class 'Iex_2_2::BaseExc' used as base for dll-interface class 'Iex_2_2::ErrnoExc'
                 c:\users\teeerawat\desktop\openexr\openexr\ilmbase\iex\IexBaseExc.h(60) : see declaration of 'Iex_2_2::BaseExc'
                 c:\users\teeerawat\desktop\openexr\openexr\ilmbase\iex\IexBaseExc.h(158) : see declaration of 'Iex_2_2::ErrnoExc'
     1>c:\users\teeerawat\desktop\openexr\openexr\ilmbase\iex\IexBaseExc.h(163): warning C4275: non dll-interface class 'Iex_2_2::BaseExc' used as base for dll-interface class 'Iex_2_2::NoImplExc'
                 c:\users\teeerawat\desktop\openexr\openexr\ilmbase\iex\IexBaseExc.h(60) : see declaration of 'Iex_2_2::BaseExc'
                 c:\users\teeerawat\desktop\openexr\openexr\ilmbase\iex\IexBaseExc.h(163) : see declaration of 'Iex_2_2::NoImplExc'
     1>c:\users\teeerawat\desktop\openexr\openexr\ilmbase\iex\IexBaseExc.h(169): warning C4275: non dll-interface class 'Iex_2_2::BaseExc' used as base for dll-interface class 'Iex_2_2::NullExc'
                 c:\users\teeerawat\desktop\openexr\openexr\ilmbase\iex\IexBaseExc.h(60) : see declaration of 'Iex_2_2::BaseExc'
                 c:\users\teeerawat\desktop\openexr\openexr\ilmbase\iex\IexBaseExc.h(169) : see declaration of 'Iex_2_2::NullExc'
     1>c:\users\teeerawat\desktop\openexr\openexr\ilmbase\iex\IexBaseExc.h(171): warning C4275: non dll-interface class 'Iex_2_2::BaseExc' used as base for dll-interface class 'Iex_2_2::TypeExc'
                 c:\users\teeerawat\desktop\openexr\openexr\ilmbase\iex\IexBaseExc.h(60) : see declaration of 'Iex_2_2::BaseExc'
                 c:\users\teeerawat\desktop\openexr\openexr\ilmbase\iex\IexBaseExc.h(171) : see declaration of 'Iex_2_2::TypeExc'
     1>C:\Users\teeerawat\Desktop\OpenEXR\openexr\IlmBase\Iex\IexThrowErrnoExc.cpp(59): warning C4996: 'getenv': This function or variable may be unsafe. Consider using _dupenv_s instead. To disable deprecation, use _CRT_SECURE_NO_WARNINGS. See online help for details.
                 C:\Program Files (x86)\Microsoft Visual Studio 12.0\VC\include\stdlib.h(462) : see declaration of 'getenv'
     1>C:\Users\teeerawat\Desktop\OpenEXR\openexr\IlmBase\Iex\IexThrowErrnoExc.cpp(63): warning C4996: 'strerror': This function or variable may be unsafe. Consider using strerror_s instead. To disable deprecation, use _CRT_SECURE_NO_WARNINGS. See online help for details.
                 C:\Program Files (x86)\Microsoft Visual Studio 12.0\VC\include\string.h(168) : see declaration of 'strerror'
         Generating Code...
       Link:
         C:\Program Files (x86)\Microsoft Visual Studio 12.0\VC\bin\x86_amd64\link.exe /ERRORREPORT:PROMPT /OUT:"C:\Users\teeerawat\Desktop\OpenEXR\openexr\IlmBase\Iex\Debug\Iex-2_2.dll" /INCREMENTAL /NOLOGO kernel32.lib user32.lib gdi32.lib winspool.lib shell32.lib ole32.lib oleaut32.lib uuid.lib comdlg32.lib advapi32.lib /MANIFEST /MANIFESTUAC:"level='asInvoker' uiAccess='false'" /manifest:embed /DEBUG /PDB:"C:/Users/teeerawat/Desktop/OpenEXR/openexr/IlmBase/Iex/Debug/Iex-2_2.pdb" /SUBSYSTEM:CONSOLE /TLBID:1 /DYNAMICBASE /NXCOMPAT /IMPLIB:"C:/Users/teeerawat/Desktop/OpenEXR/openexr/IlmBase/Iex/Debug/Iex-2_2.lib" /MACHINE:X64  /machine:x64 /DLL Iex.dir\Debug\IexBaseExc.obj
         Iex.dir\Debug\IexThrowErrnoExc.obj
            Creating library C:/Users/teeerawat/Desktop/OpenEXR/openexr/IlmBase/Iex/Debug/Iex-2_2.lib and object C:/Users/teeerawat/Desktop/OpenEXR/openexr/IlmBase/Iex/Debug/Iex-2_2.exp
         Iex.vcxproj -> C:\Users\teeerawat\Desktop\OpenEXR\openexr\IlmBase\Iex\Debug\Iex-2_2.dll
     1>Done Building Project "C:\Users\teeerawat\Desktop\OpenEXR\openexr\IlmBase\Iex\Iex.vcxproj" (Rebuild target(s)).

Build succeeded.

Time Elapsed 00:00:02.10
