c:\users\teeerawat\desktop\openexr\openexr\openexr\ilmimf\ilmimf.dir\release\imfthreading.obj
c:\users\teeerawat\desktop\openexr\openexr\openexr\ilmimf\ilmimf.dir\release\imfhuf.obj
c:\users\teeerawat\desktop\openexr\openexr\openexr\ilmimf\ilmimf.dir\release\imfvecattribute.obj
c:\users\teeerawat\desktop\openexr\openexr\openexr\ilmimf\ilmimf.dir\release\imfstringattribute.obj
c:\users\teeerawat\desktop\openexr\openexr\openexr\ilmimf\ilmimf.dir\release\imfrgbafile.obj
c:\users\teeerawat\desktop\openexr\openexr\openexr\ilmimf\ilmimf.dir\release\imfoutputfile.obj
c:\users\teeerawat\desktop\openexr\openexr\openexr\ilmimf\ilmimf.dir\release\imfopaqueattribute.obj
c:\users\teeerawat\desktop\openexr\openexr\openexr\ilmimf\ilmimf.dir\release\imfmatrixattribute.obj
c:\users\teeerawat\desktop\openexr\openexr\openexr\ilmimf\ilmimf.dir\release\imflineorderattribute.obj
c:\users\teeerawat\desktop\openexr\openexr\openexr\ilmimf\ilmimf.dir\release\imfintattribute.obj
c:\users\teeerawat\desktop\openexr\openexr\openexr\ilmimf\ilmimf.dir\release\imfinputfile.obj
c:\users\teeerawat\desktop\openexr\openexr\openexr\ilmimf\ilmimf.dir\release\imfio.obj
c:\users\teeerawat\desktop\openexr\openexr\openexr\ilmimf\ilmimf.dir\release\imfheader.obj
c:\users\teeerawat\desktop\openexr\openexr\openexr\ilmimf\ilmimf.dir\release\imfframebuffer.obj
c:\users\teeerawat\desktop\openexr\openexr\openexr\ilmimf\ilmimf.dir\release\imffloatattribute.obj
c:\users\teeerawat\desktop\openexr\openexr\openexr\ilmimf\ilmimf.dir\release\imfchannellistattribute.obj
c:\users\teeerawat\desktop\openexr\openexr\openexr\ilmimf\ilmimf.dir\release\imfchannellist.obj
c:\users\teeerawat\desktop\openexr\openexr\openexr\ilmimf\ilmimf.dir\release\imfcrgbafile.obj
c:\users\teeerawat\desktop\openexr\openexr\openexr\ilmimf\ilmimf.dir\release\imfboxattribute.obj
c:\users\teeerawat\desktop\openexr\openexr\openexr\ilmimf\ilmimf.dir\release\imfattribute.obj
c:\users\teeerawat\desktop\openexr\openexr\openexr\ilmimf\ilmimf.dir\release\imftimecode.obj
c:\users\teeerawat\desktop\openexr\openexr\openexr\ilmimf\ilmimf.dir\release\imfkeycodeattribute.obj
c:\users\teeerawat\desktop\openexr\openexr\openexr\ilmimf\ilmimf.dir\release\imfkeycode.obj
c:\users\teeerawat\desktop\openexr\openexr\openexr\ilmimf\ilmimf.dir\release\imfchromaticitiesattribute.obj
c:\users\teeerawat\desktop\openexr\openexr\openexr\ilmimf\ilmimf.dir\release\imfchromaticities.obj
c:\users\teeerawat\desktop\openexr\openexr\openexr\ilmimf\ilmimf.dir\release\imfversion.obj
c:\users\teeerawat\desktop\openexr\openexr\openexr\ilmimf\ilmimf.dir\release\imfpreviewimageattribute.obj
c:\users\teeerawat\desktop\openexr\openexr\openexr\ilmimf\ilmimf.dir\release\imfpreviewimage.obj
c:\users\teeerawat\desktop\openexr\openexr\openexr\ilmimf\ilmimf.dir\release\imfconvert.obj
c:\users\teeerawat\desktop\openexr\openexr\openexr\ilmimf\ilmimf.dir\release\imfdoubleattribute.obj
c:\users\teeerawat\desktop\openexr\openexr\openexr\ilmimf\ilmimf.dir\release\imfcompressionattribute.obj
c:\users\teeerawat\desktop\openexr\openexr\openexr\ilmimf\ilmimf.dir\release\imfmisc.obj
c:\users\teeerawat\desktop\openexr\openexr\openexr\ilmimf\ilmimf.dir\release\imfdwacompressor.obj
c:\users\teeerawat\desktop\openexr\openexr\openexr\ilmimf\ilmimf.dir\release\imfb44compressor.obj
c:\users\teeerawat\desktop\openexr\openexr\openexr\ilmimf\ilmimf.dir\release\imfpizcompressor.obj
c:\users\teeerawat\desktop\openexr\openexr\openexr\ilmimf\ilmimf.dir\release\imfzipcompressor.obj
c:\users\teeerawat\desktop\openexr\openexr\openexr\ilmimf\ilmimf.dir\release\imfrlecompressor.obj
c:\users\teeerawat\desktop\openexr\openexr\openexr\ilmimf\ilmimf.dir\release\imfcompressor.obj
c:\users\teeerawat\desktop\openexr\openexr\openexr\ilmimf\ilmimf.dir\release\imflut.obj
c:\users\teeerawat\desktop\openexr\openexr\openexr\ilmimf\ilmimf.dir\release\imfwav.obj
c:\users\teeerawat\desktop\openexr\openexr\openexr\ilmimf\ilmimf.dir\release\imfmultiview.obj
c:\users\teeerawat\desktop\openexr\openexr\openexr\ilmimf\ilmimf.dir\release\imfstringvectorattribute.obj
c:\users\teeerawat\desktop\openexr\openexr\openexr\ilmimf\ilmimf.dir\release\imftestfile.obj
c:\users\teeerawat\desktop\openexr\openexr\openexr\ilmimf\ilmimf.dir\release\imfpxr24compressor.obj
c:\users\teeerawat\desktop\openexr\openexr\openexr\ilmimf\ilmimf.dir\release\imfrgbayca.obj
c:\users\teeerawat\desktop\openexr\openexr\openexr\ilmimf\ilmimf.dir\release\imftileoffsets.obj
c:\users\teeerawat\desktop\openexr\openexr\openexr\ilmimf\ilmimf.dir\release\imftiledescriptionattribute.obj
c:\users\teeerawat\desktop\openexr\openexr\openexr\ilmimf\ilmimf.dir\release\imftiledrgbafile.obj
c:\users\teeerawat\desktop\openexr\openexr\openexr\ilmimf\ilmimf.dir\release\imftiledoutputfile.obj
c:\users\teeerawat\desktop\openexr\openexr\openexr\ilmimf\ilmimf.dir\release\imftiledmisc.obj
c:\users\teeerawat\desktop\openexr\openexr\openexr\ilmimf\ilmimf.dir\release\imftiledinputfile.obj
c:\users\teeerawat\desktop\openexr\openexr\openexr\ilmimf\ilmimf.dir\release\imfscanlineinputfile.obj
c:\users\teeerawat\desktop\openexr\openexr\openexr\ilmimf\ilmimf.dir\release\imfenvmapattribute.obj
c:\users\teeerawat\desktop\openexr\openexr\openexr\ilmimf\ilmimf.dir\release\imfenvmap.obj
c:\users\teeerawat\desktop\openexr\openexr\openexr\ilmimf\ilmimf.dir\release\imfstdio.obj
c:\users\teeerawat\desktop\openexr\openexr\openexr\ilmimf\ilmimf.dir\release\imfstandardattributes.obj
c:\users\teeerawat\desktop\openexr\openexr\openexr\ilmimf\ilmimf.dir\release\imfframespersecond.obj
c:\users\teeerawat\desktop\openexr\openexr\openexr\ilmimf\ilmimf.dir\release\imfrationalattribute.obj
c:\users\teeerawat\desktop\openexr\openexr\openexr\ilmimf\ilmimf.dir\release\imfrational.obj
c:\users\teeerawat\desktop\openexr\openexr\openexr\ilmimf\ilmimf.dir\release\imftimecodeattribute.obj
c:\users\teeerawat\desktop\openexr\openexr\openexr\ilmimf\ilmimf.dir\release\imfdeeptiledoutputfile.obj
c:\users\teeerawat\desktop\openexr\openexr\openexr\ilmimf\ilmimf.dir\release\imfdeeptiledinputfile.obj
c:\users\teeerawat\desktop\openexr\openexr\openexr\ilmimf\ilmimf.dir\release\imfdeeptiledoutputpart.obj
c:\users\teeerawat\desktop\openexr\openexr\openexr\ilmimf\ilmimf.dir\release\imfdeeptiledinputpart.obj
c:\users\teeerawat\desktop\openexr\openexr\openexr\ilmimf\ilmimf.dir\release\imfdeepscanlineoutputfile.obj
c:\users\teeerawat\desktop\openexr\openexr\openexr\ilmimf\ilmimf.dir\release\imfdeepscanlineinputfile.obj
c:\users\teeerawat\desktop\openexr\openexr\openexr\ilmimf\ilmimf.dir\release\imfdeepscanlineoutputpart.obj
c:\users\teeerawat\desktop\openexr\openexr\openexr\ilmimf\ilmimf.dir\release\imfdeepscanlineinputpart.obj
c:\users\teeerawat\desktop\openexr\openexr\openexr\ilmimf\ilmimf.dir\release\imftiledinputpart.obj
c:\users\teeerawat\desktop\openexr\openexr\openexr\ilmimf\ilmimf.dir\release\imfinputpart.obj
c:\users\teeerawat\desktop\openexr\openexr\openexr\ilmimf\ilmimf.dir\release\imftiledoutputpart.obj
c:\users\teeerawat\desktop\openexr\openexr\openexr\ilmimf\ilmimf.dir\release\imfoutputpart.obj
c:\users\teeerawat\desktop\openexr\openexr\openexr\ilmimf\ilmimf.dir\release\imfinputpartdata.obj
c:\users\teeerawat\desktop\openexr\openexr\openexr\ilmimf\ilmimf.dir\release\imfparttype.obj
c:\users\teeerawat\desktop\openexr\openexr\openexr\ilmimf\ilmimf.dir\release\imfgenericinputfile.obj
c:\users\teeerawat\desktop\openexr\openexr\openexr\ilmimf\ilmimf.dir\release\imfmultipartinputfile.obj
c:\users\teeerawat\desktop\openexr\openexr\openexr\ilmimf\ilmimf.dir\release\imfoutputpartdata.obj
c:\users\teeerawat\desktop\openexr\openexr\openexr\ilmimf\ilmimf.dir\release\imfgenericoutputfile.obj
c:\users\teeerawat\desktop\openexr\openexr\openexr\ilmimf\ilmimf.dir\release\imfmultipartoutputfile.obj
c:\users\teeerawat\desktop\openexr\openexr\openexr\ilmimf\ilmimf.dir\release\imfacesfile.obj
c:\users\teeerawat\desktop\openexr\openexr\openexr\ilmimf\ilmimf.dir\release\imfzip.obj
c:\users\teeerawat\desktop\openexr\openexr\openexr\ilmimf\ilmimf.dir\release\imfsystemspecific.obj
c:\users\teeerawat\desktop\openexr\openexr\openexr\ilmimf\ilmimf.dir\release\imfrle.obj
c:\users\teeerawat\desktop\openexr\openexr\openexr\ilmimf\ilmimf.dir\release\imffloatvectorattribute.obj
c:\users\teeerawat\desktop\openexr\openexr\openexr\ilmimf\ilmimf.dir\release\imffasthuf.obj
c:\users\teeerawat\desktop\openexr\openexr\openexr\ilmimf\ilmimf.dir\release\imfdeepimagestateattribute.obj
c:\users\teeerawat\desktop\openexr\openexr\openexr\ilmimf\ilmimf.dir\release\imfcompositedeepscanline.obj
c:\users\teeerawat\desktop\openexr\openexr\openexr\ilmimf\ilmimf.dir\release\imfdeepcompositing.obj
c:\users\teeerawat\desktop\openexr\openexr\openexr\ilmimf\ilmimf.dir\release\imfdeepframebuffer.obj
c:\users\teeerawat\desktop\openexr\openexr\openexr\ilmimf\cmakefiles\generate.stamp
c:\users\teeerawat\desktop\openexr\openexr\openexr\ilmimf\b44explogtable.h
c:\users\teeerawat\desktop\openexr\openexr\openexr\ilmimf\dwalookups.h
c:\users\teeerawat\desktop\openexr\openexr\openexr\ilmimf\release\ilmimf-2_2.lib
c:\users\teeerawat\desktop\openexr\openexr\openexr\ilmimf\release\ilmimf-2_2.exp
c:\users\teeerawat\desktop\openexr\openexr\openexr\ilmimf\release\ilmimf-2_2.dll
c:\users\teeerawat\desktop\openexr\openexr\openexr\ilmimf\ilmimf.dir\release\ilmimf.tlog\cl.command.1.tlog
c:\users\teeerawat\desktop\openexr\openexr\openexr\ilmimf\ilmimf.dir\release\ilmimf.tlog\cl.read.1.tlog
c:\users\teeerawat\desktop\openexr\openexr\openexr\ilmimf\ilmimf.dir\release\ilmimf.tlog\cl.write.1.tlog
c:\users\teeerawat\desktop\openexr\openexr\openexr\ilmimf\ilmimf.dir\release\ilmimf.tlog\custombuild.command.1.tlog
c:\users\teeerawat\desktop\openexr\openexr\openexr\ilmimf\ilmimf.dir\release\ilmimf.tlog\custombuild.read.1.tlog
c:\users\teeerawat\desktop\openexr\openexr\openexr\ilmimf\ilmimf.dir\release\ilmimf.tlog\custombuild.write.1.tlog
c:\users\teeerawat\desktop\openexr\openexr\openexr\ilmimf\ilmimf.dir\release\ilmimf.tlog\ilmimf.write.1u.tlog
c:\users\teeerawat\desktop\openexr\openexr\openexr\ilmimf\ilmimf.dir\release\ilmimf.tlog\link.command.1.tlog
c:\users\teeerawat\desktop\openexr\openexr\openexr\ilmimf\ilmimf.dir\release\ilmimf.tlog\link.read.1.tlog
c:\users\teeerawat\desktop\openexr\openexr\openexr\ilmimf\ilmimf.dir\release\ilmimf.tlog\link.write.1.tlog
