Build started 20/4/2559 16:12:40.
     1>Project "C:\Users\teeerawat\Desktop\OpenEXR\openexr\IlmBase\Imath\Imath.vcxproj" on node 4 (Build target(s)).
     1>CustomBuild:
         Building Custom Rule C:/Users/teeerawat/Desktop/OpenEXR/openexr/IlmBase/Imath/CMakeLists.txt
         CMake does not need to re-run because C:\Users\teeerawat\Desktop\OpenEXR\openexr\IlmBase\Imath\CMakeFiles\generate.stamp is up-to-date.
       ClCompile:
         C:\Program Files (x86)\Microsoft Visual Studio 12.0\VC\bin\x86_amd64\CL.exe /c /IC:\Users\teeerawat\Desktop\OpenEXR\openexr\IlmBase\Imath /IC:\Users\teeerawat\Desktop\OpenEXR\openexr\IlmBase\Iex /IC:\Users\teeerawat\Desktop\OpenEXR\openexr\IlmBase\IexMath /IC:\Users\teeerawat\Desktop\OpenEXR\openexr\IlmBase\Half /IC:\Users\teeerawat\Desktop\OpenEXR\openexr\IlmBase\config /IC:\Users\teeerawat\Desktop\OpenEXR\openexr\IlmBase\IlmThread /IC:\Users\teeerawat\Desktop\OpenEXR\openexr\IlmBase\IexTest /IC:\Users\teeerawat\Desktop\OpenEXR\openexr\IlmBase\ImathTest /IC:\Users\teeerawat\Desktop\OpenEXR\openexr\IlmBase\HalfTest /nologo /W3 /WX- /O2 /Ob2 /D WIN32 /D _WINDOWS /D NDEBUG /D OPENEXR_DLL /D IMATH_EXPORTS /D "CMAKE_INTDIR=\"Release\"" /D Imath_EXPORTS /D _WINDLL /D _MBCS /Gm- /EHsc /MD /GS /fp:precise /Zc:wchar_t /Zc:forScope /GR /Fo"Imath.dir\Release\\" /Fd"Imath.dir\Release\vc120.pdb" /Gd /TP /errorReport:prompt C:\Users\teeerawat\Desktop\OpenEXR\openexr\IlmBase\Imath\ImathBox.cpp C:\Users\teeerawat\Desktop\OpenEXR\openexr\IlmBase\Imath\ImathRandom.cpp C:\Users\teeerawat\Desktop\OpenEXR\openexr\IlmBase\Imath\ImathColorAlgo.cpp C:\Users\teeerawat\Desktop\OpenEXR\openexr\IlmBase\Imath\ImathShear.cpp C:\Users\teeerawat\Desktop\OpenEXR\openexr\IlmBase\Imath\ImathFun.cpp C:\Users\teeerawat\Desktop\OpenEXR\openexr\IlmBase\Imath\ImathVec.cpp C:\Users\teeerawat\Desktop\OpenEXR\openexr\IlmBase\Imath\ImathMatrixAlgo.cpp
         ImathBox.cpp
     1>C:\Users\teeerawat\Desktop\OpenEXR\openexr\IlmBase\Iex\IexBaseExc.h(143): warning C4275: non dll-interface class 'Iex_2_2::BaseExc' used as base for dll-interface class 'Iex_2_2::ArgExc'
                 C:\Users\teeerawat\Desktop\OpenEXR\openexr\IlmBase\Iex\IexBaseExc.h(60) : see declaration of 'Iex_2_2::BaseExc'
                 C:\Users\teeerawat\Desktop\OpenEXR\openexr\IlmBase\Iex\IexBaseExc.h(143) : see declaration of 'Iex_2_2::ArgExc'
     1>C:\Users\teeerawat\Desktop\OpenEXR\openexr\IlmBase\Iex\IexBaseExc.h(145): warning C4275: non dll-interface class 'Iex_2_2::BaseExc' used as base for dll-interface class 'Iex_2_2::LogicExc'
                 C:\Users\teeerawat\Desktop\OpenEXR\openexr\IlmBase\Iex\IexBaseExc.h(60) : see declaration of 'Iex_2_2::BaseExc'
                 C:\Users\teeerawat\Desktop\OpenEXR\openexr\IlmBase\Iex\IexBaseExc.h(145) : see declaration of 'Iex_2_2::LogicExc'
     1>C:\Users\teeerawat\Desktop\OpenEXR\openexr\IlmBase\Iex\IexBaseExc.h(150): warning C4275: non dll-interface class 'Iex_2_2::BaseExc' used as base for dll-interface class 'Iex_2_2::InputExc'
                 C:\Users\teeerawat\Desktop\OpenEXR\openexr\IlmBase\Iex\IexBaseExc.h(60) : see declaration of 'Iex_2_2::BaseExc'
                 C:\Users\teeerawat\Desktop\OpenEXR\openexr\IlmBase\Iex\IexBaseExc.h(150) : see declaration of 'Iex_2_2::InputExc'
     1>C:\Users\teeerawat\Desktop\OpenEXR\openexr\IlmBase\Iex\IexBaseExc.h(152): warning C4275: non dll-interface class 'Iex_2_2::BaseExc' used as base for dll-interface class 'Iex_2_2::IoExc'
                 C:\Users\teeerawat\Desktop\OpenEXR\openexr\IlmBase\Iex\IexBaseExc.h(60) : see declaration of 'Iex_2_2::BaseExc'
                 C:\Users\teeerawat\Desktop\OpenEXR\openexr\IlmBase\Iex\IexBaseExc.h(152) : see declaration of 'Iex_2_2::IoExc'
     1>C:\Users\teeerawat\Desktop\OpenEXR\openexr\IlmBase\Iex\IexBaseExc.h(154): warning C4275: non dll-interface class 'Iex_2_2::BaseExc' used as base for dll-interface class 'Iex_2_2::MathExc'
                 C:\Users\teeerawat\Desktop\OpenEXR\openexr\IlmBase\Iex\IexBaseExc.h(60) : see declaration of 'Iex_2_2::BaseExc'
                 C:\Users\teeerawat\Desktop\OpenEXR\openexr\IlmBase\Iex\IexBaseExc.h(154) : see declaration of 'Iex_2_2::MathExc'
     1>C:\Users\teeerawat\Desktop\OpenEXR\openexr\IlmBase\Iex\IexBaseExc.h(158): warning C4275: non dll-interface class 'Iex_2_2::BaseExc' used as base for dll-interface class 'Iex_2_2::ErrnoExc'
                 C:\Users\teeerawat\Desktop\OpenEXR\openexr\IlmBase\Iex\IexBaseExc.h(60) : see declaration of 'Iex_2_2::BaseExc'
                 C:\Users\teeerawat\Desktop\OpenEXR\openexr\IlmBase\Iex\IexBaseExc.h(158) : see declaration of 'Iex_2_2::ErrnoExc'
     1>C:\Users\teeerawat\Desktop\OpenEXR\openexr\IlmBase\Iex\IexBaseExc.h(163): warning C4275: non dll-interface class 'Iex_2_2::BaseExc' used as base for dll-interface class 'Iex_2_2::NoImplExc'
                 C:\Users\teeerawat\Desktop\OpenEXR\openexr\IlmBase\Iex\IexBaseExc.h(60) : see declaration of 'Iex_2_2::BaseExc'
                 C:\Users\teeerawat\Desktop\OpenEXR\openexr\IlmBase\Iex\IexBaseExc.h(163) : see declaration of 'Iex_2_2::NoImplExc'
     1>C:\Users\teeerawat\Desktop\OpenEXR\openexr\IlmBase\Iex\IexBaseExc.h(169): warning C4275: non dll-interface class 'Iex_2_2::BaseExc' used as base for dll-interface class 'Iex_2_2::NullExc'
                 C:\Users\teeerawat\Desktop\OpenEXR\openexr\IlmBase\Iex\IexBaseExc.h(60) : see declaration of 'Iex_2_2::BaseExc'
                 C:\Users\teeerawat\Desktop\OpenEXR\openexr\IlmBase\Iex\IexBaseExc.h(169) : see declaration of 'Iex_2_2::NullExc'
     1>C:\Users\teeerawat\Desktop\OpenEXR\openexr\IlmBase\Iex\IexBaseExc.h(171): warning C4275: non dll-interface class 'Iex_2_2::BaseExc' used as base for dll-interface class 'Iex_2_2::TypeExc'
                 C:\Users\teeerawat\Desktop\OpenEXR\openexr\IlmBase\Iex\IexBaseExc.h(60) : see declaration of 'Iex_2_2::BaseExc'
                 C:\Users\teeerawat\Desktop\OpenEXR\openexr\IlmBase\Iex\IexBaseExc.h(171) : see declaration of 'Iex_2_2::TypeExc'
         ImathRandom.cpp
         ImathColorAlgo.cpp
     1>C:\Users\teeerawat\Desktop\OpenEXR\openexr\IlmBase\Iex\IexBaseExc.h(143): warning C4275: non dll-interface class 'Iex_2_2::BaseExc' used as base for dll-interface class 'Iex_2_2::ArgExc'
                 C:\Users\teeerawat\Desktop\OpenEXR\openexr\IlmBase\Iex\IexBaseExc.h(60) : see declaration of 'Iex_2_2::BaseExc'
                 C:\Users\teeerawat\Desktop\OpenEXR\openexr\IlmBase\Iex\IexBaseExc.h(143) : see declaration of 'Iex_2_2::ArgExc'
     1>C:\Users\teeerawat\Desktop\OpenEXR\openexr\IlmBase\Iex\IexBaseExc.h(145): warning C4275: non dll-interface class 'Iex_2_2::BaseExc' used as base for dll-interface class 'Iex_2_2::LogicExc'
                 C:\Users\teeerawat\Desktop\OpenEXR\openexr\IlmBase\Iex\IexBaseExc.h(60) : see declaration of 'Iex_2_2::BaseExc'
                 C:\Users\teeerawat\Desktop\OpenEXR\openexr\IlmBase\Iex\IexBaseExc.h(145) : see declaration of 'Iex_2_2::LogicExc'
     1>C:\Users\teeerawat\Desktop\OpenEXR\openexr\IlmBase\Iex\IexBaseExc.h(150): warning C4275: non dll-interface class 'Iex_2_2::BaseExc' used as base for dll-interface class 'Iex_2_2::InputExc'
                 C:\Users\teeerawat\Desktop\OpenEXR\openexr\IlmBase\Iex\IexBaseExc.h(60) : see declaration of 'Iex_2_2::BaseExc'
                 C:\Users\teeerawat\Desktop\OpenEXR\openexr\IlmBase\Iex\IexBaseExc.h(150) : see declaration of 'Iex_2_2::InputExc'
     1>C:\Users\teeerawat\Desktop\OpenEXR\openexr\IlmBase\Iex\IexBaseExc.h(152): warning C4275: non dll-interface class 'Iex_2_2::BaseExc' used as base for dll-interface class 'Iex_2_2::IoExc'
                 C:\Users\teeerawat\Desktop\OpenEXR\openexr\IlmBase\Iex\IexBaseExc.h(60) : see declaration of 'Iex_2_2::BaseExc'
                 C:\Users\teeerawat\Desktop\OpenEXR\openexr\IlmBase\Iex\IexBaseExc.h(152) : see declaration of 'Iex_2_2::IoExc'
     1>C:\Users\teeerawat\Desktop\OpenEXR\openexr\IlmBase\Iex\IexBaseExc.h(154): warning C4275: non dll-interface class 'Iex_2_2::BaseExc' used as base for dll-interface class 'Iex_2_2::MathExc'
                 C:\Users\teeerawat\Desktop\OpenEXR\openexr\IlmBase\Iex\IexBaseExc.h(60) : see declaration of 'Iex_2_2::BaseExc'
                 C:\Users\teeerawat\Desktop\OpenEXR\openexr\IlmBase\Iex\IexBaseExc.h(154) : see declaration of 'Iex_2_2::MathExc'
     1>C:\Users\teeerawat\Desktop\OpenEXR\openexr\IlmBase\Iex\IexBaseExc.h(158): warning C4275: non dll-interface class 'Iex_2_2::BaseExc' used as base for dll-interface class 'Iex_2_2::ErrnoExc'
                 C:\Users\teeerawat\Desktop\OpenEXR\openexr\IlmBase\Iex\IexBaseExc.h(60) : see declaration of 'Iex_2_2::BaseExc'
                 C:\Users\teeerawat\Desktop\OpenEXR\openexr\IlmBase\Iex\IexBaseExc.h(158) : see declaration of 'Iex_2_2::ErrnoExc'
     1>C:\Users\teeerawat\Desktop\OpenEXR\openexr\IlmBase\Iex\IexBaseExc.h(163): warning C4275: non dll-interface class 'Iex_2_2::BaseExc' used as base for dll-interface class 'Iex_2_2::NoImplExc'
                 C:\Users\teeerawat\Desktop\OpenEXR\openexr\IlmBase\Iex\IexBaseExc.h(60) : see declaration of 'Iex_2_2::BaseExc'
                 C:\Users\teeerawat\Desktop\OpenEXR\openexr\IlmBase\Iex\IexBaseExc.h(163) : see declaration of 'Iex_2_2::NoImplExc'
     1>C:\Users\teeerawat\Desktop\OpenEXR\openexr\IlmBase\Iex\IexBaseExc.h(169): warning C4275: non dll-interface class 'Iex_2_2::BaseExc' used as base for dll-interface class 'Iex_2_2::NullExc'
                 C:\Users\teeerawat\Desktop\OpenEXR\openexr\IlmBase\Iex\IexBaseExc.h(60) : see declaration of 'Iex_2_2::BaseExc'
                 C:\Users\teeerawat\Desktop\OpenEXR\openexr\IlmBase\Iex\IexBaseExc.h(169) : see declaration of 'Iex_2_2::NullExc'
     1>C:\Users\teeerawat\Desktop\OpenEXR\openexr\IlmBase\Iex\IexBaseExc.h(171): warning C4275: non dll-interface class 'Iex_2_2::BaseExc' used as base for dll-interface class 'Iex_2_2::TypeExc'
                 C:\Users\teeerawat\Desktop\OpenEXR\openexr\IlmBase\Iex\IexBaseExc.h(60) : see declaration of 'Iex_2_2::BaseExc'
                 C:\Users\teeerawat\Desktop\OpenEXR\openexr\IlmBase\Iex\IexBaseExc.h(171) : see declaration of 'Iex_2_2::TypeExc'
         ImathShear.cpp
     1>C:\Users\teeerawat\Desktop\OpenEXR\openexr\IlmBase\Iex\IexBaseExc.h(143): warning C4275: non dll-interface class 'Iex_2_2::BaseExc' used as base for dll-interface class 'Iex_2_2::ArgExc'
                 C:\Users\teeerawat\Desktop\OpenEXR\openexr\IlmBase\Iex\IexBaseExc.h(60) : see declaration of 'Iex_2_2::BaseExc'
                 C:\Users\teeerawat\Desktop\OpenEXR\openexr\IlmBase\Iex\IexBaseExc.h(143) : see declaration of 'Iex_2_2::ArgExc'
     1>C:\Users\teeerawat\Desktop\OpenEXR\openexr\IlmBase\Iex\IexBaseExc.h(145): warning C4275: non dll-interface class 'Iex_2_2::BaseExc' used as base for dll-interface class 'Iex_2_2::LogicExc'
                 C:\Users\teeerawat\Desktop\OpenEXR\openexr\IlmBase\Iex\IexBaseExc.h(60) : see declaration of 'Iex_2_2::BaseExc'
                 C:\Users\teeerawat\Desktop\OpenEXR\openexr\IlmBase\Iex\IexBaseExc.h(145) : see declaration of 'Iex_2_2::LogicExc'
     1>C:\Users\teeerawat\Desktop\OpenEXR\openexr\IlmBase\Iex\IexBaseExc.h(150): warning C4275: non dll-interface class 'Iex_2_2::BaseExc' used as base for dll-interface class 'Iex_2_2::InputExc'
                 C:\Users\teeerawat\Desktop\OpenEXR\openexr\IlmBase\Iex\IexBaseExc.h(60) : see declaration of 'Iex_2_2::BaseExc'
                 C:\Users\teeerawat\Desktop\OpenEXR\openexr\IlmBase\Iex\IexBaseExc.h(150) : see declaration of 'Iex_2_2::InputExc'
     1>C:\Users\teeerawat\Desktop\OpenEXR\openexr\IlmBase\Iex\IexBaseExc.h(152): warning C4275: non dll-interface class 'Iex_2_2::BaseExc' used as base for dll-interface class 'Iex_2_2::IoExc'
                 C:\Users\teeerawat\Desktop\OpenEXR\openexr\IlmBase\Iex\IexBaseExc.h(60) : see declaration of 'Iex_2_2::BaseExc'
                 C:\Users\teeerawat\Desktop\OpenEXR\openexr\IlmBase\Iex\IexBaseExc.h(152) : see declaration of 'Iex_2_2::IoExc'
     1>C:\Users\teeerawat\Desktop\OpenEXR\openexr\IlmBase\Iex\IexBaseExc.h(154): warning C4275: non dll-interface class 'Iex_2_2::BaseExc' used as base for dll-interface class 'Iex_2_2::MathExc'
                 C:\Users\teeerawat\Desktop\OpenEXR\openexr\IlmBase\Iex\IexBaseExc.h(60) : see declaration of 'Iex_2_2::BaseExc'
                 C:\Users\teeerawat\Desktop\OpenEXR\openexr\IlmBase\Iex\IexBaseExc.h(154) : see declaration of 'Iex_2_2::MathExc'
     1>C:\Users\teeerawat\Desktop\OpenEXR\openexr\IlmBase\Iex\IexBaseExc.h(158): warning C4275: non dll-interface class 'Iex_2_2::BaseExc' used as base for dll-interface class 'Iex_2_2::ErrnoExc'
                 C:\Users\teeerawat\Desktop\OpenEXR\openexr\IlmBase\Iex\IexBaseExc.h(60) : see declaration of 'Iex_2_2::BaseExc'
                 C:\Users\teeerawat\Desktop\OpenEXR\openexr\IlmBase\Iex\IexBaseExc.h(158) : see declaration of 'Iex_2_2::ErrnoExc'
     1>C:\Users\teeerawat\Desktop\OpenEXR\openexr\IlmBase\Iex\IexBaseExc.h(163): warning C4275: non dll-interface class 'Iex_2_2::BaseExc' used as base for dll-interface class 'Iex_2_2::NoImplExc'
                 C:\Users\teeerawat\Desktop\OpenEXR\openexr\IlmBase\Iex\IexBaseExc.h(60) : see declaration of 'Iex_2_2::BaseExc'
                 C:\Users\teeerawat\Desktop\OpenEXR\openexr\IlmBase\Iex\IexBaseExc.h(163) : see declaration of 'Iex_2_2::NoImplExc'
     1>C:\Users\teeerawat\Desktop\OpenEXR\openexr\IlmBase\Iex\IexBaseExc.h(169): warning C4275: non dll-interface class 'Iex_2_2::BaseExc' used as base for dll-interface class 'Iex_2_2::NullExc'
                 C:\Users\teeerawat\Desktop\OpenEXR\openexr\IlmBase\Iex\IexBaseExc.h(60) : see declaration of 'Iex_2_2::BaseExc'
                 C:\Users\teeerawat\Desktop\OpenEXR\openexr\IlmBase\Iex\IexBaseExc.h(169) : see declaration of 'Iex_2_2::NullExc'
     1>C:\Users\teeerawat\Desktop\OpenEXR\openexr\IlmBase\Iex\IexBaseExc.h(171): warning C4275: non dll-interface class 'Iex_2_2::BaseExc' used as base for dll-interface class 'Iex_2_2::TypeExc'
                 C:\Users\teeerawat\Desktop\OpenEXR\openexr\IlmBase\Iex\IexBaseExc.h(60) : see declaration of 'Iex_2_2::BaseExc'
                 C:\Users\teeerawat\Desktop\OpenEXR\openexr\IlmBase\Iex\IexBaseExc.h(171) : see declaration of 'Iex_2_2::TypeExc'
         ImathFun.cpp
         ImathVec.cpp
     1>C:\Users\teeerawat\Desktop\OpenEXR\openexr\IlmBase\Iex\IexBaseExc.h(143): warning C4275: non dll-interface class 'Iex_2_2::BaseExc' used as base for dll-interface class 'Iex_2_2::ArgExc'
                 C:\Users\teeerawat\Desktop\OpenEXR\openexr\IlmBase\Iex\IexBaseExc.h(60) : see declaration of 'Iex_2_2::BaseExc'
                 C:\Users\teeerawat\Desktop\OpenEXR\openexr\IlmBase\Iex\IexBaseExc.h(143) : see declaration of 'Iex_2_2::ArgExc'
     1>C:\Users\teeerawat\Desktop\OpenEXR\openexr\IlmBase\Iex\IexBaseExc.h(145): warning C4275: non dll-interface class 'Iex_2_2::BaseExc' used as base for dll-interface class 'Iex_2_2::LogicExc'
                 C:\Users\teeerawat\Desktop\OpenEXR\openexr\IlmBase\Iex\IexBaseExc.h(60) : see declaration of 'Iex_2_2::BaseExc'
                 C:\Users\teeerawat\Desktop\OpenEXR\openexr\IlmBase\Iex\IexBaseExc.h(145) : see declaration of 'Iex_2_2::LogicExc'
     1>C:\Users\teeerawat\Desktop\OpenEXR\openexr\IlmBase\Iex\IexBaseExc.h(150): warning C4275: non dll-interface class 'Iex_2_2::BaseExc' used as base for dll-interface class 'Iex_2_2::InputExc'
                 C:\Users\teeerawat\Desktop\OpenEXR\openexr\IlmBase\Iex\IexBaseExc.h(60) : see declaration of 'Iex_2_2::BaseExc'
                 C:\Users\teeerawat\Desktop\OpenEXR\openexr\IlmBase\Iex\IexBaseExc.h(150) : see declaration of 'Iex_2_2::InputExc'
     1>C:\Users\teeerawat\Desktop\OpenEXR\openexr\IlmBase\Iex\IexBaseExc.h(152): warning C4275: non dll-interface class 'Iex_2_2::BaseExc' used as base for dll-interface class 'Iex_2_2::IoExc'
                 C:\Users\teeerawat\Desktop\OpenEXR\openexr\IlmBase\Iex\IexBaseExc.h(60) : see declaration of 'Iex_2_2::BaseExc'
                 C:\Users\teeerawat\Desktop\OpenEXR\openexr\IlmBase\Iex\IexBaseExc.h(152) : see declaration of 'Iex_2_2::IoExc'
     1>C:\Users\teeerawat\Desktop\OpenEXR\openexr\IlmBase\Iex\IexBaseExc.h(154): warning C4275: non dll-interface class 'Iex_2_2::BaseExc' used as base for dll-interface class 'Iex_2_2::MathExc'
                 C:\Users\teeerawat\Desktop\OpenEXR\openexr\IlmBase\Iex\IexBaseExc.h(60) : see declaration of 'Iex_2_2::BaseExc'
                 C:\Users\teeerawat\Desktop\OpenEXR\openexr\IlmBase\Iex\IexBaseExc.h(154) : see declaration of 'Iex_2_2::MathExc'
     1>C:\Users\teeerawat\Desktop\OpenEXR\openexr\IlmBase\Iex\IexBaseExc.h(158): warning C4275: non dll-interface class 'Iex_2_2::BaseExc' used as base for dll-interface class 'Iex_2_2::ErrnoExc'
                 C:\Users\teeerawat\Desktop\OpenEXR\openexr\IlmBase\Iex\IexBaseExc.h(60) : see declaration of 'Iex_2_2::BaseExc'
                 C:\Users\teeerawat\Desktop\OpenEXR\openexr\IlmBase\Iex\IexBaseExc.h(158) : see declaration of 'Iex_2_2::ErrnoExc'
     1>C:\Users\teeerawat\Desktop\OpenEXR\openexr\IlmBase\Iex\IexBaseExc.h(163): warning C4275: non dll-interface class 'Iex_2_2::BaseExc' used as base for dll-interface class 'Iex_2_2::NoImplExc'
                 C:\Users\teeerawat\Desktop\OpenEXR\openexr\IlmBase\Iex\IexBaseExc.h(60) : see declaration of 'Iex_2_2::BaseExc'
                 C:\Users\teeerawat\Desktop\OpenEXR\openexr\IlmBase\Iex\IexBaseExc.h(163) : see declaration of 'Iex_2_2::NoImplExc'
     1>C:\Users\teeerawat\Desktop\OpenEXR\openexr\IlmBase\Iex\IexBaseExc.h(169): warning C4275: non dll-interface class 'Iex_2_2::BaseExc' used as base for dll-interface class 'Iex_2_2::NullExc'
                 C:\Users\teeerawat\Desktop\OpenEXR\openexr\IlmBase\Iex\IexBaseExc.h(60) : see declaration of 'Iex_2_2::BaseExc'
                 C:\Users\teeerawat\Desktop\OpenEXR\openexr\IlmBase\Iex\IexBaseExc.h(169) : see declaration of 'Iex_2_2::NullExc'
     1>C:\Users\teeerawat\Desktop\OpenEXR\openexr\IlmBase\Iex\IexBaseExc.h(171): warning C4275: non dll-interface class 'Iex_2_2::BaseExc' used as base for dll-interface class 'Iex_2_2::TypeExc'
                 C:\Users\teeerawat\Desktop\OpenEXR\openexr\IlmBase\Iex\IexBaseExc.h(60) : see declaration of 'Iex_2_2::BaseExc'
                 C:\Users\teeerawat\Desktop\OpenEXR\openexr\IlmBase\Iex\IexBaseExc.h(171) : see declaration of 'Iex_2_2::TypeExc'
         ImathMatrixAlgo.cpp
     1>C:\Users\teeerawat\Desktop\OpenEXR\openexr\IlmBase\Iex\IexBaseExc.h(143): warning C4275: non dll-interface class 'Iex_2_2::BaseExc' used as base for dll-interface class 'Iex_2_2::ArgExc'
                 C:\Users\teeerawat\Desktop\OpenEXR\openexr\IlmBase\Iex\IexBaseExc.h(60) : see declaration of 'Iex_2_2::BaseExc'
                 C:\Users\teeerawat\Desktop\OpenEXR\openexr\IlmBase\Iex\IexBaseExc.h(143) : see declaration of 'Iex_2_2::ArgExc'
     1>C:\Users\teeerawat\Desktop\OpenEXR\openexr\IlmBase\Iex\IexBaseExc.h(145): warning C4275: non dll-interface class 'Iex_2_2::BaseExc' used as base for dll-interface class 'Iex_2_2::LogicExc'
                 C:\Users\teeerawat\Desktop\OpenEXR\openexr\IlmBase\Iex\IexBaseExc.h(60) : see declaration of 'Iex_2_2::BaseExc'
                 C:\Users\teeerawat\Desktop\OpenEXR\openexr\IlmBase\Iex\IexBaseExc.h(145) : see declaration of 'Iex_2_2::LogicExc'
     1>C:\Users\teeerawat\Desktop\OpenEXR\openexr\IlmBase\Iex\IexBaseExc.h(150): warning C4275: non dll-interface class 'Iex_2_2::BaseExc' used as base for dll-interface class 'Iex_2_2::InputExc'
                 C:\Users\teeerawat\Desktop\OpenEXR\openexr\IlmBase\Iex\IexBaseExc.h(60) : see declaration of 'Iex_2_2::BaseExc'
                 C:\Users\teeerawat\Desktop\OpenEXR\openexr\IlmBase\Iex\IexBaseExc.h(150) : see declaration of 'Iex_2_2::InputExc'
     1>C:\Users\teeerawat\Desktop\OpenEXR\openexr\IlmBase\Iex\IexBaseExc.h(152): warning C4275: non dll-interface class 'Iex_2_2::BaseExc' used as base for dll-interface class 'Iex_2_2::IoExc'
                 C:\Users\teeerawat\Desktop\OpenEXR\openexr\IlmBase\Iex\IexBaseExc.h(60) : see declaration of 'Iex_2_2::BaseExc'
                 C:\Users\teeerawat\Desktop\OpenEXR\openexr\IlmBase\Iex\IexBaseExc.h(152) : see declaration of 'Iex_2_2::IoExc'
     1>C:\Users\teeerawat\Desktop\OpenEXR\openexr\IlmBase\Iex\IexBaseExc.h(154): warning C4275: non dll-interface class 'Iex_2_2::BaseExc' used as base for dll-interface class 'Iex_2_2::MathExc'
                 C:\Users\teeerawat\Desktop\OpenEXR\openexr\IlmBase\Iex\IexBaseExc.h(60) : see declaration of 'Iex_2_2::BaseExc'
                 C:\Users\teeerawat\Desktop\OpenEXR\openexr\IlmBase\Iex\IexBaseExc.h(154) : see declaration of 'Iex_2_2::MathExc'
     1>C:\Users\teeerawat\Desktop\OpenEXR\openexr\IlmBase\Iex\IexBaseExc.h(158): warning C4275: non dll-interface class 'Iex_2_2::BaseExc' used as base for dll-interface class 'Iex_2_2::ErrnoExc'
                 C:\Users\teeerawat\Desktop\OpenEXR\openexr\IlmBase\Iex\IexBaseExc.h(60) : see declaration of 'Iex_2_2::BaseExc'
                 C:\Users\teeerawat\Desktop\OpenEXR\openexr\IlmBase\Iex\IexBaseExc.h(158) : see declaration of 'Iex_2_2::ErrnoExc'
     1>C:\Users\teeerawat\Desktop\OpenEXR\openexr\IlmBase\Iex\IexBaseExc.h(163): warning C4275: non dll-interface class 'Iex_2_2::BaseExc' used as base for dll-interface class 'Iex_2_2::NoImplExc'
                 C:\Users\teeerawat\Desktop\OpenEXR\openexr\IlmBase\Iex\IexBaseExc.h(60) : see declaration of 'Iex_2_2::BaseExc'
                 C:\Users\teeerawat\Desktop\OpenEXR\openexr\IlmBase\Iex\IexBaseExc.h(163) : see declaration of 'Iex_2_2::NoImplExc'
     1>C:\Users\teeerawat\Desktop\OpenEXR\openexr\IlmBase\Iex\IexBaseExc.h(169): warning C4275: non dll-interface class 'Iex_2_2::BaseExc' used as base for dll-interface class 'Iex_2_2::NullExc'
                 C:\Users\teeerawat\Desktop\OpenEXR\openexr\IlmBase\Iex\IexBaseExc.h(60) : see declaration of 'Iex_2_2::BaseExc'
                 C:\Users\teeerawat\Desktop\OpenEXR\openexr\IlmBase\Iex\IexBaseExc.h(169) : see declaration of 'Iex_2_2::NullExc'
     1>C:\Users\teeerawat\Desktop\OpenEXR\openexr\IlmBase\Iex\IexBaseExc.h(171): warning C4275: non dll-interface class 'Iex_2_2::BaseExc' used as base for dll-interface class 'Iex_2_2::TypeExc'
                 C:\Users\teeerawat\Desktop\OpenEXR\openexr\IlmBase\Iex\IexBaseExc.h(60) : see declaration of 'Iex_2_2::BaseExc'
                 C:\Users\teeerawat\Desktop\OpenEXR\openexr\IlmBase\Iex\IexBaseExc.h(171) : see declaration of 'Iex_2_2::TypeExc'
         Generating Code...
       Link:
         C:\Program Files (x86)\Microsoft Visual Studio 12.0\VC\bin\x86_amd64\link.exe /ERRORREPORT:PROMPT /OUT:"C:\Users\teeerawat\Desktop\OpenEXR\openexr\IlmBase\Imath\Release\Imath-2_2.dll" /INCREMENTAL:NO /NOLOGO kernel32.lib user32.lib gdi32.lib winspool.lib shell32.lib ole32.lib oleaut32.lib uuid.lib comdlg32.lib advapi32.lib "..\Iex\Release\Iex-2_2.lib" /MANIFEST /MANIFESTUAC:"level='asInvoker' uiAccess='false'" /manifest:embed /PDB:"C:/Users/teeerawat/Desktop/OpenEXR/openexr/IlmBase/Imath/Release/Imath-2_2.pdb" /SUBSYSTEM:CONSOLE /TLBID:1 /DYNAMICBASE /NXCOMPAT /IMPLIB:"C:/Users/teeerawat/Desktop/OpenEXR/openexr/IlmBase/Imath/Release/Imath-2_2.lib" /MACHINE:X64  /machine:x64 /DLL Imath.dir\Release\ImathBox.obj
         Imath.dir\Release\ImathRandom.obj
         Imath.dir\Release\ImathColorAlgo.obj
         Imath.dir\Release\ImathShear.obj
         Imath.dir\Release\ImathFun.obj
         Imath.dir\Release\ImathVec.obj
         Imath.dir\Release\ImathMatrixAlgo.obj
            Creating library C:/Users/teeerawat/Desktop/OpenEXR/openexr/IlmBase/Imath/Release/Imath-2_2.lib and object C:/Users/teeerawat/Desktop/OpenEXR/openexr/IlmBase/Imath/Release/Imath-2_2.exp
         Imath.vcxproj -> C:\Users\teeerawat\Desktop\OpenEXR\openexr\IlmBase\Imath\Release\Imath-2_2.dll
     1>Done Building Project "C:\Users\teeerawat\Desktop\OpenEXR\openexr\IlmBase\Imath\Imath.vcxproj" (Build target(s)).

Build succeeded.

Time Elapsed 00:00:03.41
