c:\users\teeerawat\desktop\openexr\openexr\ilmbase\ilmthread\ilmthread.dir\debug\vc120.pdb
c:\users\teeerawat\desktop\openexr\openexr\ilmbase\ilmthread\ilmthread.dir\debug\ilmthreadwin32.obj
c:\users\teeerawat\desktop\openexr\openexr\ilmbase\ilmthread\ilmthread.dir\debug\ilmthreadsemaphorewin32.obj
c:\users\teeerawat\desktop\openexr\openexr\ilmbase\ilmthread\ilmthread.dir\debug\ilmthreadmutexwin32.obj
c:\users\teeerawat\desktop\openexr\openexr\ilmbase\ilmthread\ilmthread.dir\debug\ilmthreadsemaphoreposix.obj
c:\users\teeerawat\desktop\openexr\openexr\ilmbase\ilmthread\ilmthread.dir\debug\ilmthreadsemaphoreposixcompat.obj
c:\users\teeerawat\desktop\openexr\openexr\ilmbase\ilmthread\ilmthread.dir\debug\ilmthreadsemaphore.obj
c:\users\teeerawat\desktop\openexr\openexr\ilmbase\ilmthread\ilmthread.dir\debug\ilmthreadposix.obj
c:\users\teeerawat\desktop\openexr\openexr\ilmbase\ilmthread\ilmthread.dir\debug\ilmthreadpool.obj
c:\users\teeerawat\desktop\openexr\openexr\ilmbase\ilmthread\ilmthread.dir\debug\ilmthreadmutexposix.obj
c:\users\teeerawat\desktop\openexr\openexr\ilmbase\ilmthread\ilmthread.dir\debug\ilmthreadmutex.obj
c:\users\teeerawat\desktop\openexr\openexr\ilmbase\ilmthread\ilmthread.dir\debug\ilmthread.obj
c:\users\teeerawat\desktop\openexr\openexr\ilmbase\ilmthread\cmakefiles\generate.stamp
c:\users\teeerawat\desktop\openexr\openexr\ilmbase\ilmthread\debug\ilmthread-2_2.lib
c:\users\teeerawat\desktop\openexr\openexr\ilmbase\ilmthread\debug\ilmthread-2_2.exp
c:\users\teeerawat\desktop\openexr\openexr\ilmbase\ilmthread\debug\ilmthread-2_2.ilk
c:\users\teeerawat\desktop\openexr\openexr\ilmbase\ilmthread\debug\ilmthread-2_2.dll
c:\users\teeerawat\desktop\openexr\openexr\ilmbase\ilmthread\debug\ilmthread-2_2.pdb
c:\users\teeerawat\desktop\openexr\openexr\ilmbase\ilmthread\ilmthread.dir\debug\ilmthread.tlog\cl.command.1.tlog
c:\users\teeerawat\desktop\openexr\openexr\ilmbase\ilmthread\ilmthread.dir\debug\ilmthread.tlog\cl.read.1.tlog
c:\users\teeerawat\desktop\openexr\openexr\ilmbase\ilmthread\ilmthread.dir\debug\ilmthread.tlog\cl.write.1.tlog
c:\users\teeerawat\desktop\openexr\openexr\ilmbase\ilmthread\ilmthread.dir\debug\ilmthread.tlog\custombuild.command.1.tlog
c:\users\teeerawat\desktop\openexr\openexr\ilmbase\ilmthread\ilmthread.dir\debug\ilmthread.tlog\custombuild.read.1.tlog
c:\users\teeerawat\desktop\openexr\openexr\ilmbase\ilmthread\ilmthread.dir\debug\ilmthread.tlog\custombuild.write.1.tlog
c:\users\teeerawat\desktop\openexr\openexr\ilmbase\ilmthread\ilmthread.dir\debug\ilmthread.tlog\ilmthread.write.1u.tlog
c:\users\teeerawat\desktop\openexr\openexr\ilmbase\ilmthread\ilmthread.dir\debug\ilmthread.tlog\link.command.1.tlog
c:\users\teeerawat\desktop\openexr\openexr\ilmbase\ilmthread\ilmthread.dir\debug\ilmthread.tlog\link.read.1.tlog
c:\users\teeerawat\desktop\openexr\openexr\ilmbase\ilmthread\ilmthread.dir\debug\ilmthread.tlog\link.write.1.tlog
