c:\users\teeerawat\desktop\openexr\openexr\openexr\ilmimf\ilmimf.dir\debug\vc120.pdb
c:\users\teeerawat\desktop\openexr\openexr\openexr\ilmimf\ilmimf.dir\debug\imfdeepscanlineoutputpart.obj
c:\users\teeerawat\desktop\openexr\openexr\openexr\ilmimf\ilmimf.dir\debug\imfdeepscanlineoutputfile.obj
c:\users\teeerawat\desktop\openexr\openexr\openexr\ilmimf\ilmimf.dir\debug\imfdeepscanlineinputpart.obj
c:\users\teeerawat\desktop\openexr\openexr\openexr\ilmimf\ilmimf.dir\debug\imfdeepscanlineinputfile.obj
c:\users\teeerawat\desktop\openexr\openexr\openexr\ilmimf\ilmimf.dir\debug\imfdeepimagestateattribute.obj
c:\users\teeerawat\desktop\openexr\openexr\openexr\ilmimf\ilmimf.dir\debug\imfdeepframebuffer.obj
c:\users\teeerawat\desktop\openexr\openexr\openexr\ilmimf\ilmimf.dir\debug\imfdeepcompositing.obj
c:\users\teeerawat\desktop\openexr\openexr\openexr\ilmimf\ilmimf.dir\debug\imfconvert.obj
c:\users\teeerawat\desktop\openexr\openexr\openexr\ilmimf\ilmimf.dir\debug\imfcompressor.obj
c:\users\teeerawat\desktop\openexr\openexr\openexr\ilmimf\ilmimf.dir\debug\imfcompressionattribute.obj
c:\users\teeerawat\desktop\openexr\openexr\openexr\ilmimf\ilmimf.dir\debug\imfcompositedeepscanline.obj
c:\users\teeerawat\desktop\openexr\openexr\openexr\ilmimf\ilmimf.dir\debug\imfchromaticitiesattribute.obj
c:\users\teeerawat\desktop\openexr\openexr\openexr\ilmimf\ilmimf.dir\debug\imfchromaticities.obj
c:\users\teeerawat\desktop\openexr\openexr\openexr\ilmimf\ilmimf.dir\debug\imfchannellistattribute.obj
c:\users\teeerawat\desktop\openexr\openexr\openexr\ilmimf\ilmimf.dir\debug\imfchannellist.obj
c:\users\teeerawat\desktop\openexr\openexr\openexr\ilmimf\ilmimf.dir\debug\imfcrgbafile.obj
c:\users\teeerawat\desktop\openexr\openexr\openexr\ilmimf\ilmimf.dir\debug\imfboxattribute.obj
c:\users\teeerawat\desktop\openexr\openexr\openexr\ilmimf\ilmimf.dir\debug\imfb44compressor.obj
c:\users\teeerawat\desktop\openexr\openexr\openexr\ilmimf\ilmimf.dir\debug\imfattribute.obj
c:\users\teeerawat\desktop\openexr\openexr\openexr\ilmimf\ilmimf.dir\debug\imfacesfile.obj
c:\users\teeerawat\desktop\openexr\openexr\openexr\ilmimf\ilmimf.dir\debug\imfinputpart.obj
c:\users\teeerawat\desktop\openexr\openexr\openexr\ilmimf\ilmimf.dir\debug\imfinputfile.obj
c:\users\teeerawat\desktop\openexr\openexr\openexr\ilmimf\ilmimf.dir\debug\imfio.obj
c:\users\teeerawat\desktop\openexr\openexr\openexr\ilmimf\ilmimf.dir\debug\imfhuf.obj
c:\users\teeerawat\desktop\openexr\openexr\openexr\ilmimf\ilmimf.dir\debug\imfheader.obj
c:\users\teeerawat\desktop\openexr\openexr\openexr\ilmimf\ilmimf.dir\debug\imfgenericoutputfile.obj
c:\users\teeerawat\desktop\openexr\openexr\openexr\ilmimf\ilmimf.dir\debug\imfgenericinputfile.obj
c:\users\teeerawat\desktop\openexr\openexr\openexr\ilmimf\ilmimf.dir\debug\imfframespersecond.obj
c:\users\teeerawat\desktop\openexr\openexr\openexr\ilmimf\ilmimf.dir\debug\imfframebuffer.obj
c:\users\teeerawat\desktop\openexr\openexr\openexr\ilmimf\ilmimf.dir\debug\imffloatvectorattribute.obj
c:\users\teeerawat\desktop\openexr\openexr\openexr\ilmimf\ilmimf.dir\debug\imffloatattribute.obj
c:\users\teeerawat\desktop\openexr\openexr\openexr\ilmimf\ilmimf.dir\debug\imffasthuf.obj
c:\users\teeerawat\desktop\openexr\openexr\openexr\ilmimf\ilmimf.dir\debug\imfenvmapattribute.obj
c:\users\teeerawat\desktop\openexr\openexr\openexr\ilmimf\ilmimf.dir\debug\imfenvmap.obj
c:\users\teeerawat\desktop\openexr\openexr\openexr\ilmimf\ilmimf.dir\debug\imfdwacompressor.obj
c:\users\teeerawat\desktop\openexr\openexr\openexr\ilmimf\ilmimf.dir\debug\imfdoubleattribute.obj
c:\users\teeerawat\desktop\openexr\openexr\openexr\ilmimf\ilmimf.dir\debug\imfdeeptiledoutputpart.obj
c:\users\teeerawat\desktop\openexr\openexr\openexr\ilmimf\ilmimf.dir\debug\imfdeeptiledoutputfile.obj
c:\users\teeerawat\desktop\openexr\openexr\openexr\ilmimf\ilmimf.dir\debug\imfdeeptiledinputpart.obj
c:\users\teeerawat\desktop\openexr\openexr\openexr\ilmimf\ilmimf.dir\debug\imfdeeptiledinputfile.obj
c:\users\teeerawat\desktop\openexr\openexr\openexr\ilmimf\ilmimf.dir\debug\imfpxr24compressor.obj
c:\users\teeerawat\desktop\openexr\openexr\openexr\ilmimf\ilmimf.dir\debug\imfpreviewimageattribute.obj
c:\users\teeerawat\desktop\openexr\openexr\openexr\ilmimf\ilmimf.dir\debug\imfpreviewimage.obj
c:\users\teeerawat\desktop\openexr\openexr\openexr\ilmimf\ilmimf.dir\debug\imfpizcompressor.obj
c:\users\teeerawat\desktop\openexr\openexr\openexr\ilmimf\ilmimf.dir\debug\imfparttype.obj
c:\users\teeerawat\desktop\openexr\openexr\openexr\ilmimf\ilmimf.dir\debug\imfoutputpartdata.obj
c:\users\teeerawat\desktop\openexr\openexr\openexr\ilmimf\ilmimf.dir\debug\imfoutputpart.obj
c:\users\teeerawat\desktop\openexr\openexr\openexr\ilmimf\ilmimf.dir\debug\imfoutputfile.obj
c:\users\teeerawat\desktop\openexr\openexr\openexr\ilmimf\ilmimf.dir\debug\imfopaqueattribute.obj
c:\users\teeerawat\desktop\openexr\openexr\openexr\ilmimf\ilmimf.dir\debug\imfmultiview.obj
c:\users\teeerawat\desktop\openexr\openexr\openexr\ilmimf\ilmimf.dir\debug\imfmultipartoutputfile.obj
c:\users\teeerawat\desktop\openexr\openexr\openexr\ilmimf\ilmimf.dir\debug\imfmultipartinputfile.obj
c:\users\teeerawat\desktop\openexr\openexr\openexr\ilmimf\ilmimf.dir\debug\imfmisc.obj
c:\users\teeerawat\desktop\openexr\openexr\openexr\ilmimf\ilmimf.dir\debug\imfmatrixattribute.obj
c:\users\teeerawat\desktop\openexr\openexr\openexr\ilmimf\ilmimf.dir\debug\imflut.obj
c:\users\teeerawat\desktop\openexr\openexr\openexr\ilmimf\ilmimf.dir\debug\imflineorderattribute.obj
c:\users\teeerawat\desktop\openexr\openexr\openexr\ilmimf\ilmimf.dir\debug\imfkeycodeattribute.obj
c:\users\teeerawat\desktop\openexr\openexr\openexr\ilmimf\ilmimf.dir\debug\imfkeycode.obj
c:\users\teeerawat\desktop\openexr\openexr\openexr\ilmimf\ilmimf.dir\debug\imfintattribute.obj
c:\users\teeerawat\desktop\openexr\openexr\openexr\ilmimf\ilmimf.dir\debug\imfinputpartdata.obj
c:\users\teeerawat\desktop\openexr\openexr\openexr\ilmimf\ilmimf.dir\debug\imftiledoutputfile.obj
c:\users\teeerawat\desktop\openexr\openexr\openexr\ilmimf\ilmimf.dir\debug\imftiledmisc.obj
c:\users\teeerawat\desktop\openexr\openexr\openexr\ilmimf\ilmimf.dir\debug\imftiledinputpart.obj
c:\users\teeerawat\desktop\openexr\openexr\openexr\ilmimf\ilmimf.dir\debug\imftiledinputfile.obj
c:\users\teeerawat\desktop\openexr\openexr\openexr\ilmimf\ilmimf.dir\debug\imftileoffsets.obj
c:\users\teeerawat\desktop\openexr\openexr\openexr\ilmimf\ilmimf.dir\debug\imftiledescriptionattribute.obj
c:\users\teeerawat\desktop\openexr\openexr\openexr\ilmimf\ilmimf.dir\debug\imfthreading.obj
c:\users\teeerawat\desktop\openexr\openexr\openexr\ilmimf\ilmimf.dir\debug\imftestfile.obj
c:\users\teeerawat\desktop\openexr\openexr\openexr\ilmimf\ilmimf.dir\debug\imfsystemspecific.obj
c:\users\teeerawat\desktop\openexr\openexr\openexr\ilmimf\ilmimf.dir\debug\imfstringvectorattribute.obj
c:\users\teeerawat\desktop\openexr\openexr\openexr\ilmimf\ilmimf.dir\debug\imfstringattribute.obj
c:\users\teeerawat\desktop\openexr\openexr\openexr\ilmimf\ilmimf.dir\debug\imfstdio.obj
c:\users\teeerawat\desktop\openexr\openexr\openexr\ilmimf\ilmimf.dir\debug\imfstandardattributes.obj
c:\users\teeerawat\desktop\openexr\openexr\openexr\ilmimf\ilmimf.dir\debug\imfscanlineinputfile.obj
c:\users\teeerawat\desktop\openexr\openexr\openexr\ilmimf\ilmimf.dir\debug\imfrlecompressor.obj
c:\users\teeerawat\desktop\openexr\openexr\openexr\ilmimf\ilmimf.dir\debug\imfrle.obj
c:\users\teeerawat\desktop\openexr\openexr\openexr\ilmimf\ilmimf.dir\debug\imfrgbayca.obj
c:\users\teeerawat\desktop\openexr\openexr\openexr\ilmimf\ilmimf.dir\debug\imfrgbafile.obj
c:\users\teeerawat\desktop\openexr\openexr\openexr\ilmimf\ilmimf.dir\debug\imfrationalattribute.obj
c:\users\teeerawat\desktop\openexr\openexr\openexr\ilmimf\ilmimf.dir\debug\imfrational.obj
c:\users\teeerawat\desktop\openexr\openexr\openexr\ilmimf\ilmimf.dir\debug\imfzipcompressor.obj
c:\users\teeerawat\desktop\openexr\openexr\openexr\ilmimf\ilmimf.dir\debug\imfzip.obj
c:\users\teeerawat\desktop\openexr\openexr\openexr\ilmimf\ilmimf.dir\debug\imfwav.obj
c:\users\teeerawat\desktop\openexr\openexr\openexr\ilmimf\ilmimf.dir\debug\imfversion.obj
c:\users\teeerawat\desktop\openexr\openexr\openexr\ilmimf\ilmimf.dir\debug\imfvecattribute.obj
c:\users\teeerawat\desktop\openexr\openexr\openexr\ilmimf\ilmimf.dir\debug\imftimecodeattribute.obj
c:\users\teeerawat\desktop\openexr\openexr\openexr\ilmimf\ilmimf.dir\debug\imftimecode.obj
c:\users\teeerawat\desktop\openexr\openexr\openexr\ilmimf\ilmimf.dir\debug\imftiledrgbafile.obj
c:\users\teeerawat\desktop\openexr\openexr\openexr\ilmimf\ilmimf.dir\debug\imftiledoutputpart.obj
c:\users\teeerawat\desktop\openexr\openexr\openexr\ilmimf\cmakefiles\generate.stamp
c:\users\teeerawat\desktop\openexr\openexr\openexr\ilmimf\b44explogtable.h
c:\users\teeerawat\desktop\openexr\openexr\openexr\ilmimf\dwalookups.h
c:\users\teeerawat\desktop\openexr\openexr\openexr\ilmimf\debug\ilmimf-2_2.lib
c:\users\teeerawat\desktop\openexr\openexr\openexr\ilmimf\debug\ilmimf-2_2.exp
c:\users\teeerawat\desktop\openexr\openexr\openexr\ilmimf\debug\ilmimf-2_2.ilk
c:\users\teeerawat\desktop\openexr\openexr\openexr\ilmimf\debug\ilmimf-2_2.dll
c:\users\teeerawat\desktop\openexr\openexr\openexr\ilmimf\debug\ilmimf-2_2.pdb
c:\users\teeerawat\desktop\openexr\openexr\openexr\ilmimf\ilmimf.dir\debug\ilmimf.tlog\cl.command.1.tlog
c:\users\teeerawat\desktop\openexr\openexr\openexr\ilmimf\ilmimf.dir\debug\ilmimf.tlog\cl.read.1.tlog
c:\users\teeerawat\desktop\openexr\openexr\openexr\ilmimf\ilmimf.dir\debug\ilmimf.tlog\cl.write.1.tlog
c:\users\teeerawat\desktop\openexr\openexr\openexr\ilmimf\ilmimf.dir\debug\ilmimf.tlog\custombuild.command.1.tlog
c:\users\teeerawat\desktop\openexr\openexr\openexr\ilmimf\ilmimf.dir\debug\ilmimf.tlog\custombuild.read.1.tlog
c:\users\teeerawat\desktop\openexr\openexr\openexr\ilmimf\ilmimf.dir\debug\ilmimf.tlog\custombuild.write.1.tlog
c:\users\teeerawat\desktop\openexr\openexr\openexr\ilmimf\ilmimf.dir\debug\ilmimf.tlog\ilmimf.write.1u.tlog
c:\users\teeerawat\desktop\openexr\openexr\openexr\ilmimf\ilmimf.dir\debug\ilmimf.tlog\link.command.1.tlog
c:\users\teeerawat\desktop\openexr\openexr\openexr\ilmimf\ilmimf.dir\debug\ilmimf.tlog\link.read.1.tlog
c:\users\teeerawat\desktop\openexr\openexr\openexr\ilmimf\ilmimf.dir\debug\ilmimf.tlog\link.write.1.tlog
