c:\users\teeerawat\desktop\openexr\openexr\openexr\ilmimfexamples\ilmimfexamples.dir\debug\vc120.pdb
c:\users\teeerawat\desktop\openexr\openexr\openexr\ilmimfexamples\ilmimfexamples.dir\debug\rgbainterfacetiledexamples.obj
c:\users\teeerawat\desktop\openexr\openexr\openexr\ilmimfexamples\ilmimfexamples.dir\debug\rgbainterfaceexamples.obj
c:\users\teeerawat\desktop\openexr\openexr\openexr\ilmimfexamples\ilmimfexamples.dir\debug\previewimageexamples.obj
c:\users\teeerawat\desktop\openexr\openexr\openexr\ilmimfexamples\ilmimfexamples.dir\debug\main.obj
c:\users\teeerawat\desktop\openexr\openexr\openexr\ilmimfexamples\ilmimfexamples.dir\debug\lowlevelioexamples.obj
c:\users\teeerawat\desktop\openexr\openexr\openexr\ilmimfexamples\ilmimfexamples.dir\debug\generalinterfacetiledexamples.obj
c:\users\teeerawat\desktop\openexr\openexr\openexr\ilmimfexamples\ilmimfexamples.dir\debug\generalinterfaceexamples.obj
c:\users\teeerawat\desktop\openexr\openexr\openexr\ilmimfexamples\ilmimfexamples.dir\debug\drawimage.obj
c:\users\teeerawat\desktop\openexr\openexr\openexr\ilmimfexamples\cmakefiles\generate.stamp
c:\users\teeerawat\desktop\openexr\openexr\openexr\ilmimfexamples\debug\ilmimfexamples.ilk
c:\users\teeerawat\desktop\openexr\openexr\openexr\ilmimfexamples\debug\ilmimfexamples.exe
c:\users\teeerawat\desktop\openexr\openexr\openexr\ilmimfexamples\debug\ilmimfexamples.pdb
c:\users\teeerawat\desktop\openexr\openexr\openexr\ilmimfexamples\ilmimfexamples.dir\debug\ilmimfexamples.tlog\cl.command.1.tlog
c:\users\teeerawat\desktop\openexr\openexr\openexr\ilmimfexamples\ilmimfexamples.dir\debug\ilmimfexamples.tlog\cl.read.1.tlog
c:\users\teeerawat\desktop\openexr\openexr\openexr\ilmimfexamples\ilmimfexamples.dir\debug\ilmimfexamples.tlog\cl.write.1.tlog
c:\users\teeerawat\desktop\openexr\openexr\openexr\ilmimfexamples\ilmimfexamples.dir\debug\ilmimfexamples.tlog\custombuild.command.1.tlog
c:\users\teeerawat\desktop\openexr\openexr\openexr\ilmimfexamples\ilmimfexamples.dir\debug\ilmimfexamples.tlog\custombuild.read.1.tlog
c:\users\teeerawat\desktop\openexr\openexr\openexr\ilmimfexamples\ilmimfexamples.dir\debug\ilmimfexamples.tlog\custombuild.write.1.tlog
c:\users\teeerawat\desktop\openexr\openexr\openexr\ilmimfexamples\ilmimfexamples.dir\debug\ilmimfexamples.tlog\link.command.1.tlog
c:\users\teeerawat\desktop\openexr\openexr\openexr\ilmimfexamples\ilmimfexamples.dir\debug\ilmimfexamples.tlog\link.read.1.tlog
c:\users\teeerawat\desktop\openexr\openexr\openexr\ilmimfexamples\ilmimfexamples.dir\debug\ilmimfexamples.tlog\link.write.1.tlog
