c:\users\teeerawat\desktop\openexr\openexr\ilmbase\imath\imath.dir\debug\vc120.pdb
c:\users\teeerawat\desktop\openexr\openexr\ilmbase\imath\imath.dir\debug\imathmatrixalgo.obj
c:\users\teeerawat\desktop\openexr\openexr\ilmbase\imath\imath.dir\debug\imathvec.obj
c:\users\teeerawat\desktop\openexr\openexr\ilmbase\imath\imath.dir\debug\imathfun.obj
c:\users\teeerawat\desktop\openexr\openexr\ilmbase\imath\imath.dir\debug\imathshear.obj
c:\users\teeerawat\desktop\openexr\openexr\ilmbase\imath\imath.dir\debug\imathcoloralgo.obj
c:\users\teeerawat\desktop\openexr\openexr\ilmbase\imath\imath.dir\debug\imathrandom.obj
c:\users\teeerawat\desktop\openexr\openexr\ilmbase\imath\imath.dir\debug\imathbox.obj
c:\users\teeerawat\desktop\openexr\openexr\ilmbase\imath\cmakefiles\generate.stamp
c:\users\teeerawat\desktop\openexr\openexr\ilmbase\imath\debug\imath-2_2.lib
c:\users\teeerawat\desktop\openexr\openexr\ilmbase\imath\debug\imath-2_2.exp
c:\users\teeerawat\desktop\openexr\openexr\ilmbase\imath\debug\imath-2_2.ilk
c:\users\teeerawat\desktop\openexr\openexr\ilmbase\imath\debug\imath-2_2.dll
c:\users\teeerawat\desktop\openexr\openexr\ilmbase\imath\debug\imath-2_2.pdb
c:\users\teeerawat\desktop\openexr\openexr\ilmbase\imath\imath.dir\debug\imath.tlog\cl.command.1.tlog
c:\users\teeerawat\desktop\openexr\openexr\ilmbase\imath\imath.dir\debug\imath.tlog\cl.read.1.tlog
c:\users\teeerawat\desktop\openexr\openexr\ilmbase\imath\imath.dir\debug\imath.tlog\cl.write.1.tlog
c:\users\teeerawat\desktop\openexr\openexr\ilmbase\imath\imath.dir\debug\imath.tlog\custombuild.command.1.tlog
c:\users\teeerawat\desktop\openexr\openexr\ilmbase\imath\imath.dir\debug\imath.tlog\custombuild.read.1.tlog
c:\users\teeerawat\desktop\openexr\openexr\ilmbase\imath\imath.dir\debug\imath.tlog\custombuild.write.1.tlog
c:\users\teeerawat\desktop\openexr\openexr\ilmbase\imath\imath.dir\debug\imath.tlog\imath.write.1u.tlog
c:\users\teeerawat\desktop\openexr\openexr\ilmbase\imath\imath.dir\debug\imath.tlog\link.command.1.tlog
c:\users\teeerawat\desktop\openexr\openexr\ilmbase\imath\imath.dir\debug\imath.tlog\link.read.1.tlog
c:\users\teeerawat\desktop\openexr\openexr\ilmbase\imath\imath.dir\debug\imath.tlog\link.write.1.tlog
