Build started 20/4/2559 16:12:40.
     1>Project "C:\Users\teeerawat\Desktop\OpenEXR\openexr\IlmBase\IexMath\IexMath.vcxproj" on node 2 (Build target(s)).
     1>CustomBuild:
         Building Custom Rule C:/Users/teeerawat/Desktop/OpenEXR/openexr/IlmBase/IexMath/CMakeLists.txt
         CMake does not need to re-run because C:\Users\teeerawat\Desktop\OpenEXR\openexr\IlmBase\IexMath\CMakeFiles\generate.stamp is up-to-date.
       ClCompile:
         C:\Program Files (x86)\Microsoft Visual Studio 12.0\VC\bin\x86_amd64\CL.exe /c /IC:\Users\teeerawat\Desktop\OpenEXR\openexr\IlmBase\IexMath /IC:\Users\teeerawat\Desktop\OpenEXR\openexr\IlmBase\Iex /IC:\Users\teeerawat\Desktop\OpenEXR\openexr\IlmBase\Imath /IC:\Users\teeerawat\Desktop\OpenEXR\openexr\IlmBase\Half /IC:\Users\teeerawat\Desktop\OpenEXR\openexr\IlmBase\config /IC:\Users\teeerawat\Desktop\OpenEXR\openexr\IlmBase\IlmThread /IC:\Users\teeerawat\Desktop\OpenEXR\openexr\IlmBase\IexTest /IC:\Users\teeerawat\Desktop\OpenEXR\openexr\IlmBase\ImathTest /IC:\Users\teeerawat\Desktop\OpenEXR\openexr\IlmBase\HalfTest /nologo /W3 /WX- /O2 /Ob2 /D WIN32 /D _WINDOWS /D NDEBUG /D OPENEXR_DLL /D IEXMATH_EXPORTS /D "CMAKE_INTDIR=\"Release\"" /D IexMath_EXPORTS /D _WINDLL /D _MBCS /Gm- /EHsc /MD /GS /fp:precise /Zc:wchar_t /Zc:forScope /GR /Fo"IexMath.dir\Release\\" /Fd"IexMath.dir\Release\vc120.pdb" /Gd /TP /errorReport:prompt C:\Users\teeerawat\Desktop\OpenEXR\openexr\IlmBase\IexMath\IexMathFloatExc.cpp C:\Users\teeerawat\Desktop\OpenEXR\openexr\IlmBase\IexMath\IexMathFpu.cpp
         IexMathFloatExc.cpp
     1>c:\users\teeerawat\desktop\openexr\openexr\ilmbase\iex\IexBaseExc.h(143): warning C4275: non dll-interface class 'Iex_2_2::BaseExc' used as base for dll-interface class 'Iex_2_2::ArgExc'
                 c:\users\teeerawat\desktop\openexr\openexr\ilmbase\iex\IexBaseExc.h(60) : see declaration of 'Iex_2_2::BaseExc'
                 c:\users\teeerawat\desktop\openexr\openexr\ilmbase\iex\IexBaseExc.h(143) : see declaration of 'Iex_2_2::ArgExc'
     1>c:\users\teeerawat\desktop\openexr\openexr\ilmbase\iex\IexBaseExc.h(145): warning C4275: non dll-interface class 'Iex_2_2::BaseExc' used as base for dll-interface class 'Iex_2_2::LogicExc'
                 c:\users\teeerawat\desktop\openexr\openexr\ilmbase\iex\IexBaseExc.h(60) : see declaration of 'Iex_2_2::BaseExc'
                 c:\users\teeerawat\desktop\openexr\openexr\ilmbase\iex\IexBaseExc.h(145) : see declaration of 'Iex_2_2::LogicExc'
     1>c:\users\teeerawat\desktop\openexr\openexr\ilmbase\iex\IexBaseExc.h(150): warning C4275: non dll-interface class 'Iex_2_2::BaseExc' used as base for dll-interface class 'Iex_2_2::InputExc'
                 c:\users\teeerawat\desktop\openexr\openexr\ilmbase\iex\IexBaseExc.h(60) : see declaration of 'Iex_2_2::BaseExc'
                 c:\users\teeerawat\desktop\openexr\openexr\ilmbase\iex\IexBaseExc.h(150) : see declaration of 'Iex_2_2::InputExc'
     1>c:\users\teeerawat\desktop\openexr\openexr\ilmbase\iex\IexBaseExc.h(152): warning C4275: non dll-interface class 'Iex_2_2::BaseExc' used as base for dll-interface class 'Iex_2_2::IoExc'
                 c:\users\teeerawat\desktop\openexr\openexr\ilmbase\iex\IexBaseExc.h(60) : see declaration of 'Iex_2_2::BaseExc'
                 c:\users\teeerawat\desktop\openexr\openexr\ilmbase\iex\IexBaseExc.h(152) : see declaration of 'Iex_2_2::IoExc'
     1>c:\users\teeerawat\desktop\openexr\openexr\ilmbase\iex\IexBaseExc.h(154): warning C4275: non dll-interface class 'Iex_2_2::BaseExc' used as base for dll-interface class 'Iex_2_2::MathExc'
                 c:\users\teeerawat\desktop\openexr\openexr\ilmbase\iex\IexBaseExc.h(60) : see declaration of 'Iex_2_2::BaseExc'
                 c:\users\teeerawat\desktop\openexr\openexr\ilmbase\iex\IexBaseExc.h(154) : see declaration of 'Iex_2_2::MathExc'
     1>c:\users\teeerawat\desktop\openexr\openexr\ilmbase\iex\IexBaseExc.h(158): warning C4275: non dll-interface class 'Iex_2_2::BaseExc' used as base for dll-interface class 'Iex_2_2::ErrnoExc'
                 c:\users\teeerawat\desktop\openexr\openexr\ilmbase\iex\IexBaseExc.h(60) : see declaration of 'Iex_2_2::BaseExc'
                 c:\users\teeerawat\desktop\openexr\openexr\ilmbase\iex\IexBaseExc.h(158) : see declaration of 'Iex_2_2::ErrnoExc'
     1>c:\users\teeerawat\desktop\openexr\openexr\ilmbase\iex\IexBaseExc.h(163): warning C4275: non dll-interface class 'Iex_2_2::BaseExc' used as base for dll-interface class 'Iex_2_2::NoImplExc'
                 c:\users\teeerawat\desktop\openexr\openexr\ilmbase\iex\IexBaseExc.h(60) : see declaration of 'Iex_2_2::BaseExc'
                 c:\users\teeerawat\desktop\openexr\openexr\ilmbase\iex\IexBaseExc.h(163) : see declaration of 'Iex_2_2::NoImplExc'
     1>c:\users\teeerawat\desktop\openexr\openexr\ilmbase\iex\IexBaseExc.h(169): warning C4275: non dll-interface class 'Iex_2_2::BaseExc' used as base for dll-interface class 'Iex_2_2::NullExc'
                 c:\users\teeerawat\desktop\openexr\openexr\ilmbase\iex\IexBaseExc.h(60) : see declaration of 'Iex_2_2::BaseExc'
                 c:\users\teeerawat\desktop\openexr\openexr\ilmbase\iex\IexBaseExc.h(169) : see declaration of 'Iex_2_2::NullExc'
     1>c:\users\teeerawat\desktop\openexr\openexr\ilmbase\iex\IexBaseExc.h(171): warning C4275: non dll-interface class 'Iex_2_2::BaseExc' used as base for dll-interface class 'Iex_2_2::TypeExc'
                 c:\users\teeerawat\desktop\openexr\openexr\ilmbase\iex\IexBaseExc.h(60) : see declaration of 'Iex_2_2::BaseExc'
                 c:\users\teeerawat\desktop\openexr\openexr\ilmbase\iex\IexBaseExc.h(171) : see declaration of 'Iex_2_2::TypeExc'
     1>C:\Users\teeerawat\Desktop\OpenEXR\openexr\IlmBase\IexMath\IexMathFloatExc.cpp(88): warning C4273: 'Iex_2_2::mathExcOn' : inconsistent dll linkage
                 C:\Users\teeerawat\Desktop\OpenEXR\openexr\IlmBase\IexMath\IexMathFloatExc.h(71) : see previous definition of 'mathExcOn'
     1>C:\Users\teeerawat\Desktop\OpenEXR\openexr\IlmBase\IexMath\IexMathFloatExc.cpp(98): warning C4273: 'Iex_2_2::getMathExcOn' : inconsistent dll linkage
                 C:\Users\teeerawat\Desktop\OpenEXR\openexr\IlmBase\IexMath\IexMathFloatExc.h(80) : see previous definition of 'getMathExcOn'
     1>C:\Users\teeerawat\Desktop\OpenEXR\openexr\IlmBase\IexMath\IexMathFloatExc.cpp(108): warning C4273: 'Iex_2_2::MathExcOn::handleOutstandingExceptions' : inconsistent dll linkage
                 C:\Users\teeerawat\Desktop\OpenEXR\openexr\IlmBase\IexMath\IexMathFloatExc.h(135) : see previous definition of 'handleOutstandingExceptions'
         IexMathFpu.cpp
         Generating Code...
       Link:
         C:\Program Files (x86)\Microsoft Visual Studio 12.0\VC\bin\x86_amd64\link.exe /ERRORREPORT:PROMPT /OUT:"C:\Users\teeerawat\Desktop\OpenEXR\openexr\IlmBase\IexMath\Release\IexMath-2_2.dll" /INCREMENTAL:NO /NOLOGO kernel32.lib user32.lib gdi32.lib winspool.lib shell32.lib ole32.lib oleaut32.lib uuid.lib comdlg32.lib advapi32.lib "..\Iex\Release\Iex-2_2.lib" /MANIFEST /MANIFESTUAC:"level='asInvoker' uiAccess='false'" /manifest:embed /PDB:"C:/Users/teeerawat/Desktop/OpenEXR/openexr/IlmBase/IexMath/Release/IexMath-2_2.pdb" /SUBSYSTEM:CONSOLE /TLBID:1 /DYNAMICBASE /NXCOMPAT /IMPLIB:"C:/Users/teeerawat/Desktop/OpenEXR/openexr/IlmBase/IexMath/Release/IexMath-2_2.lib" /MACHINE:X64  /machine:x64 /DLL IexMath.dir\Release\IexMathFloatExc.obj
         IexMath.dir\Release\IexMathFpu.obj
            Creating library C:/Users/teeerawat/Desktop/OpenEXR/openexr/IlmBase/IexMath/Release/IexMath-2_2.lib and object C:/Users/teeerawat/Desktop/OpenEXR/openexr/IlmBase/IexMath/Release/IexMath-2_2.exp
         IexMath.vcxproj -> C:\Users\teeerawat\Desktop\OpenEXR\openexr\IlmBase\IexMath\Release\IexMath-2_2.dll
     1>Done Building Project "C:\Users\teeerawat\Desktop\OpenEXR\openexr\IlmBase\IexMath\IexMath.vcxproj" (Build target(s)).

Build succeeded.

Time Elapsed 00:00:01.05
