Build started 20/4/2559 16:44:37.
     1>Project "C:\Users\teeerawat\Desktop\OpenEXR\openexr\OpenEXR\exrmultipart\exrmultipart.vcxproj" on node 3 (Rebuild target(s)).
     1>CustomBuild:
         Building Custom Rule C:/Users/teeerawat/Desktop/OpenEXR/openexr/OpenEXR/exrmultipart/CMakeLists.txt
         CMake does not need to re-run because C:\Users\teeerawat\Desktop\OpenEXR\openexr\OpenEXR\exrmultipart\CMakeFiles\generate.stamp is up-to-date.
       ClCompile:
         C:\Program Files (x86)\Microsoft Visual Studio 12.0\VC\bin\x86_amd64\CL.exe /c /IC:\Users\teeerawat\Desktop\OpenEXR\openexr\OpenEXR\config /IC:\Users\teeerawat\Desktop\OpenEXR\openexr\OpenEXR\IlmImf /IC:\Users\teeerawat\Desktop\OpenEXR\openexr\OpenEXR\IlmImfUtil /IC:\Users\teeerawat\Desktop\OpenEXR\openexr\OpenEXR\exrmaketiled /IC:\Users\teeerawat\Desktop\OpenEXR\openexr\OpenEXR\exrenvmap /IC:\Users\teeerawat\Desktop\OpenEXR\openexr\OpenEXR\exrmakepreview /IC:\Users\teeerawat\Desktop\OpenEXR\openexr\OpenEXR\exrmultiview /IC:\Users\teeerawat\Desktop\OpenEXR\openexr\OpenEXR\IlmImfFuzzTest /I"C:\Program Files (x86)\GnuWin32\include" /IC:\Users\teeerawat\Desktop\OpenEXR\openexr\IlmBase\_build\include\OpenEXR /nologo /W3 /WX- /O2 /Ob2 /D WIN32 /D _WINDOWS /D NDEBUG /D HAVE_CONFIG_H /D "ILM_IMF_TEST_IMAGEDIR=\"C:/Users/teeerawat/Desktop/OpenEXR/openexr/OpenEXR/IlmImfTest/\"" /D OPENEXR_DLL /D "CMAKE_INTDIR=\"Release\"" /D _MBCS /Gm- /EHsc /MD /GS /fp:precise /Zc:wchar_t /Zc:forScope /GR /Fo"exrmultipart.dir\Release\\" /Fd"exrmultipart.dir\Release\vc120.pdb" /Gd /TP /errorReport:prompt C:\Users\teeerawat\Desktop\OpenEXR\openexr\OpenEXR\exrmultipart\exrmultipart.cpp
         exrmultipart.cpp
     1>c:\users\teeerawat\desktop\openexr\openexr\openexr\ilmimf\ImfName.h(104): warning C4996: 'strncpy': This function or variable may be unsafe. Consider using strncpy_s instead. To disable deprecation, use _CRT_SECURE_NO_WARNINGS. See online help for details.
                 C:\Program Files (x86)\Microsoft Visual Studio 12.0\VC\include\string.h(195) : see declaration of 'strncpy'
     1>c:\users\teeerawat\desktop\openexr\openexr\ilmbase\_build\include\openexr\IexBaseExc.h(143): warning C4275: non dll-interface class 'Iex_2_2::BaseExc' used as base for dll-interface class 'Iex_2_2::ArgExc'
                 c:\users\teeerawat\desktop\openexr\openexr\ilmbase\_build\include\openexr\IexBaseExc.h(60) : see declaration of 'Iex_2_2::BaseExc'
                 c:\users\teeerawat\desktop\openexr\openexr\ilmbase\_build\include\openexr\IexBaseExc.h(143) : see declaration of 'Iex_2_2::ArgExc'
     1>c:\users\teeerawat\desktop\openexr\openexr\ilmbase\_build\include\openexr\IexBaseExc.h(145): warning C4275: non dll-interface class 'Iex_2_2::BaseExc' used as base for dll-interface class 'Iex_2_2::LogicExc'
                 c:\users\teeerawat\desktop\openexr\openexr\ilmbase\_build\include\openexr\IexBaseExc.h(60) : see declaration of 'Iex_2_2::BaseExc'
                 c:\users\teeerawat\desktop\openexr\openexr\ilmbase\_build\include\openexr\IexBaseExc.h(145) : see declaration of 'Iex_2_2::LogicExc'
     1>c:\users\teeerawat\desktop\openexr\openexr\ilmbase\_build\include\openexr\IexBaseExc.h(150): warning C4275: non dll-interface class 'Iex_2_2::BaseExc' used as base for dll-interface class 'Iex_2_2::InputExc'
                 c:\users\teeerawat\desktop\openexr\openexr\ilmbase\_build\include\openexr\IexBaseExc.h(60) : see declaration of 'Iex_2_2::BaseExc'
                 c:\users\teeerawat\desktop\openexr\openexr\ilmbase\_build\include\openexr\IexBaseExc.h(150) : see declaration of 'Iex_2_2::InputExc'
     1>c:\users\teeerawat\desktop\openexr\openexr\ilmbase\_build\include\openexr\IexBaseExc.h(152): warning C4275: non dll-interface class 'Iex_2_2::BaseExc' used as base for dll-interface class 'Iex_2_2::IoExc'
                 c:\users\teeerawat\desktop\openexr\openexr\ilmbase\_build\include\openexr\IexBaseExc.h(60) : see declaration of 'Iex_2_2::BaseExc'
                 c:\users\teeerawat\desktop\openexr\openexr\ilmbase\_build\include\openexr\IexBaseExc.h(152) : see declaration of 'Iex_2_2::IoExc'
     1>c:\users\teeerawat\desktop\openexr\openexr\ilmbase\_build\include\openexr\IexBaseExc.h(154): warning C4275: non dll-interface class 'Iex_2_2::BaseExc' used as base for dll-interface class 'Iex_2_2::MathExc'
                 c:\users\teeerawat\desktop\openexr\openexr\ilmbase\_build\include\openexr\IexBaseExc.h(60) : see declaration of 'Iex_2_2::BaseExc'
                 c:\users\teeerawat\desktop\openexr\openexr\ilmbase\_build\include\openexr\IexBaseExc.h(154) : see declaration of 'Iex_2_2::MathExc'
     1>c:\users\teeerawat\desktop\openexr\openexr\ilmbase\_build\include\openexr\IexBaseExc.h(158): warning C4275: non dll-interface class 'Iex_2_2::BaseExc' used as base for dll-interface class 'Iex_2_2::ErrnoExc'
                 c:\users\teeerawat\desktop\openexr\openexr\ilmbase\_build\include\openexr\IexBaseExc.h(60) : see declaration of 'Iex_2_2::BaseExc'
                 c:\users\teeerawat\desktop\openexr\openexr\ilmbase\_build\include\openexr\IexBaseExc.h(158) : see declaration of 'Iex_2_2::ErrnoExc'
     1>c:\users\teeerawat\desktop\openexr\openexr\ilmbase\_build\include\openexr\IexBaseExc.h(163): warning C4275: non dll-interface class 'Iex_2_2::BaseExc' used as base for dll-interface class 'Iex_2_2::NoImplExc'
                 c:\users\teeerawat\desktop\openexr\openexr\ilmbase\_build\include\openexr\IexBaseExc.h(60) : see declaration of 'Iex_2_2::BaseExc'
                 c:\users\teeerawat\desktop\openexr\openexr\ilmbase\_build\include\openexr\IexBaseExc.h(163) : see declaration of 'Iex_2_2::NoImplExc'
     1>c:\users\teeerawat\desktop\openexr\openexr\ilmbase\_build\include\openexr\IexBaseExc.h(169): warning C4275: non dll-interface class 'Iex_2_2::BaseExc' used as base for dll-interface class 'Iex_2_2::NullExc'
                 c:\users\teeerawat\desktop\openexr\openexr\ilmbase\_build\include\openexr\IexBaseExc.h(60) : see declaration of 'Iex_2_2::BaseExc'
                 c:\users\teeerawat\desktop\openexr\openexr\ilmbase\_build\include\openexr\IexBaseExc.h(169) : see declaration of 'Iex_2_2::NullExc'
     1>c:\users\teeerawat\desktop\openexr\openexr\ilmbase\_build\include\openexr\IexBaseExc.h(171): warning C4275: non dll-interface class 'Iex_2_2::BaseExc' used as base for dll-interface class 'Iex_2_2::TypeExc'
                 c:\users\teeerawat\desktop\openexr\openexr\ilmbase\_build\include\openexr\IexBaseExc.h(60) : see declaration of 'Iex_2_2::BaseExc'
                 c:\users\teeerawat\desktop\openexr\openexr\ilmbase\_build\include\openexr\IexBaseExc.h(171) : see declaration of 'Iex_2_2::TypeExc'
     1>c:\users\teeerawat\desktop\openexr\openexr\openexr\ilmimf\ImfHeader.h(428): warning C4251: 'Imf_2_2::Header::_map' : class 'std::map<Imf_2_2::Name,Imf_2_2::Attribute *,std::less<_Kty>,std::allocator<std::pair<const _Kty,_Ty>>>' needs to have dll-interface to be used by clients of class 'Imf_2_2::Header'
                 with
                 [
                     _Kty=Imf_2_2::Name
         ,            _Ty=Imf_2_2::Attribute *
                 ]
     1>c:\users\teeerawat\desktop\openexr\openexr\openexr\ilmimf\ImfVersion.h(112): warning C4800: 'const int' : forcing value to bool 'true' or 'false' (performance warning)
     1>c:\users\teeerawat\desktop\openexr\openexr\openexr\ilmimf\ImfVersion.h(113): warning C4800: 'const int' : forcing value to bool 'true' or 'false' (performance warning)
     1>c:\users\teeerawat\desktop\openexr\openexr\openexr\ilmimf\ImfIO.h(147): warning C4251: 'Imf_2_2::IStream::_fileName' : class 'std::basic_string<char,std::char_traits<char>,std::allocator<char>>' needs to have dll-interface to be used by clients of class 'Imf_2_2::IStream'
     1>c:\users\teeerawat\desktop\openexr\openexr\openexr\ilmimf\ImfIO.h(210): warning C4251: 'Imf_2_2::OStream::_fileName' : class 'std::basic_string<char,std::char_traits<char>,std::allocator<char>>' needs to have dll-interface to be used by clients of class 'Imf_2_2::OStream'
     1>C:\Users\teeerawat\Desktop\OpenEXR\openexr\OpenEXR\IlmImf\ImfChannelList.h(265): warning C4251: 'Imf_2_2::ChannelList::_map' : class 'std::map<Imf_2_2::Name,Imf_2_2::Channel,std::less<_Kty>,std::allocator<std::pair<const _Kty,_Ty>>>' needs to have dll-interface to be used by clients of class 'Imf_2_2::ChannelList'
                 with
                 [
                     _Kty=Imf_2_2::Name
         ,            _Ty=Imf_2_2::Channel
                 ]
     1>c:\users\teeerawat\desktop\openexr\openexr\openexr\ilmimf\ImfFrameBuffer.h(215): warning C4251: 'Imf_2_2::FrameBuffer::_map' : class 'std::map<Imf_2_2::Name,Imf_2_2::Slice,std::less<_Kty>,std::allocator<std::pair<const _Kty,_Ty>>>' needs to have dll-interface to be used by clients of class 'Imf_2_2::FrameBuffer'
                 with
                 [
                     _Kty=Imf_2_2::Name
         ,            _Ty=Imf_2_2::Slice
                 ]
     1>c:\users\teeerawat\desktop\openexr\openexr\openexr\ilmimf\ImfDeepFrameBuffer.h(163): warning C4251: 'Imf_2_2::DeepFrameBuffer::_map' : class 'std::map<Imf_2_2::Name,Imf_2_2::DeepSlice,std::less<_Kty>,std::allocator<std::pair<const _Kty,_Ty>>>' needs to have dll-interface to be used by clients of class 'Imf_2_2::DeepFrameBuffer'
                 with
                 [
                     _Kty=Imf_2_2::Name
         ,            _Ty=Imf_2_2::DeepSlice
                 ]
     1>c:\users\teeerawat\desktop\openexr\openexr\openexr\ilmimf\ImfChromaticities.h(62): warning C4251: 'Imf_2_2::Chromaticities::red' : class 'Imath_2_2::Vec2<float>' needs to have dll-interface to be used by clients of struct 'Imf_2_2::Chromaticities'
     1>c:\users\teeerawat\desktop\openexr\openexr\openexr\ilmimf\ImfChromaticities.h(63): warning C4251: 'Imf_2_2::Chromaticities::green' : class 'Imath_2_2::Vec2<float>' needs to have dll-interface to be used by clients of struct 'Imf_2_2::Chromaticities'
     1>c:\users\teeerawat\desktop\openexr\openexr\openexr\ilmimf\ImfChromaticities.h(64): warning C4251: 'Imf_2_2::Chromaticities::blue' : class 'Imath_2_2::Vec2<float>' needs to have dll-interface to be used by clients of struct 'Imf_2_2::Chromaticities'
     1>c:\users\teeerawat\desktop\openexr\openexr\openexr\ilmimf\ImfChromaticities.h(65): warning C4251: 'Imf_2_2::Chromaticities::white' : class 'Imath_2_2::Vec2<float>' needs to have dll-interface to be used by clients of struct 'Imf_2_2::Chromaticities'
     1>C:\Users\teeerawat\Desktop\OpenEXR\openexr\OpenEXR\exrmultipart\exrmultipart.cpp(410): warning C4267: 'argument' : conversion from 'size_t' to 'int', possible loss of data
     1>C:\Users\teeerawat\Desktop\OpenEXR\openexr\OpenEXR\exrmultipart\exrmultipart.cpp(426): warning C4267: 'argument' : conversion from 'size_t' to 'int', possible loss of data
     1>C:\Users\teeerawat\Desktop\OpenEXR\openexr\OpenEXR\exrmultipart\exrmultipart.cpp(564): warning C4267: 'argument' : conversion from 'size_t' to 'int', possible loss of data
     1>C:\Users\teeerawat\Desktop\OpenEXR\openexr\OpenEXR\exrmultipart\exrmultipart.cpp(571): warning C4267: 'argument' : conversion from 'size_t' to 'int', possible loss of data
     1>C:\Users\teeerawat\Desktop\OpenEXR\openexr\OpenEXR\exrmultipart\exrmultipart.cpp(579): warning C4267: 'argument' : conversion from 'size_t' to 'int', possible loss of data
     1>C:\Users\teeerawat\Desktop\OpenEXR\openexr\OpenEXR\exrmultipart\exrmultipart.cpp(584): warning C4267: 'argument' : conversion from 'size_t' to 'int', possible loss of data
     1>C:\Users\teeerawat\Desktop\OpenEXR\openexr\OpenEXR\exrmultipart\exrmultipart.cpp(589): warning C4267: 'argument' : conversion from 'size_t' to 'int', possible loss of data
     1>C:\Users\teeerawat\Desktop\OpenEXR\openexr\OpenEXR\exrmultipart\exrmultipart.cpp(594): warning C4267: 'argument' : conversion from 'size_t' to 'int', possible loss of data
     1>C:\Users\teeerawat\Desktop\OpenEXR\openexr\OpenEXR\exrmultipart\exrmultipart.cpp(773): warning C4800: 'int' : forcing value to bool 'true' or 'false' (performance warning)
       Link:
         C:\Program Files (x86)\Microsoft Visual Studio 12.0\VC\bin\x86_amd64\link.exe /ERRORREPORT:PROMPT /OUT:"C:\Users\teeerawat\Desktop\OpenEXR\openexr\OpenEXR\exrmultipart\Release\exrmultipart.exe" /INCREMENTAL:NO /NOLOGO /LIBPATH:C:/Users/teeerawat/Desktop/OpenEXR/openexr/IlmBase/_build/lib /LIBPATH:C:/Users/teeerawat/Desktop/OpenEXR/openexr/IlmBase/_build/lib/Release kernel32.lib user32.lib gdi32.lib winspool.lib shell32.lib ole32.lib oleaut32.lib uuid.lib comdlg32.lib advapi32.lib "..\IlmImf\Release\IlmImf-2_2.lib" "IlmThread-2_2.lib" "Iex-2_2.lib" Half.lib "C:\Program Files (x86)\GnuWin32\lib\zlib.lib" "Imath-2_2.lib" "IlmThread-2_2.lib" "C:\Program Files (x86)\GnuWin32\lib\zlib.lib" /MANIFEST /MANIFESTUAC:"level='asInvoker' uiAccess='false'" /manifest:embed /PDB:"C:/Users/teeerawat/Desktop/OpenEXR/openexr/OpenEXR/exrmultipart/Release/exrmultipart.pdb" /SUBSYSTEM:CONSOLE /TLBID:1 /DYNAMICBASE /NXCOMPAT /IMPLIB:"C:/Users/teeerawat/Desktop/OpenEXR/openexr/OpenEXR/exrmultipart/Release/exrmultipart.lib" /MACHINE:X64  /machine:x64 exrmultipart.dir\Release\exrmultipart.obj
         exrmultipart.vcxproj -> C:\Users\teeerawat\Desktop\OpenEXR\openexr\OpenEXR\exrmultipart\Release\exrmultipart.exe
     1>Done Building Project "C:\Users\teeerawat\Desktop\OpenEXR\openexr\OpenEXR\exrmultipart\exrmultipart.vcxproj" (Rebuild target(s)).

Build succeeded.

Time Elapsed 00:00:06.27
